INFO-FLOW: Workspace /home/navdeep/Desktop/vlsi_4.0/vlsi_proj/solution1 opened at Wed Apr 17 17:50:47 IST 2024
Execute     config_clock -quiet -name default -period 10 -default=false 
INFO: [SYN 201-201] Setting up clock 'default' with a period of 10ns.
Execute     open_platform DefaultPlatform 
Execute     import_lib /home/navdeep/Vivado/2018.2/common/technology/xilinx/aartix7/aartix7 
Execute       source /home/navdeep/Vivado/2018.2/common/technology/xilinx/common/xilinx.lib 
Execute         source /home/navdeep/Vivado/2018.2/common/technology/xilinx/interface/xilinx_interface.lib 
Execute           source /home/navdeep/Vivado/2018.2/common/technology/xilinx/interface/plb46.lib 
Execute           source /home/navdeep/Vivado/2018.2/common/technology/xilinx/interface/fsl.lib 
Execute           source /home/navdeep/Vivado/2018.2/common/technology/xilinx/interface/axi4.lib 
Execute           source /home/navdeep/Vivado/2018.2/common/technology/xilinx/interface/maxi.lib 
Execute           source /home/navdeep/Vivado/2018.2/common/technology/xilinx/interface/saxilite.lib 
Execute         source /home/navdeep/Vivado/2018.2/common/technology/xilinx/common/dsp48.lib 
Execute         source /home/navdeep/Vivado/2018.2/common/technology/xilinx/ip/xfft.lib 
Execute         source /home/navdeep/Vivado/2018.2/common/technology/xilinx/ip/dds_compiler.lib 
Execute         source /home/navdeep/Vivado/2018.2/common/technology/xilinx/ip/xfir.lib 
Execute       source /home/navdeep/Vivado/2018.2/common/technology/xilinx/common/xilinx_old.lib 
Execute       source /home/navdeep/Vivado/2018.2/common/technology/xilinx/common/xilinx_vivado.lib 
Execute       source /home/navdeep/Vivado/2018.2/common/technology/xilinx/common/xilinx.hlp 
Execute         source /home/navdeep/Vivado/2018.2/common/technology/xilinx/common/target_info.tcl 
Execute         source /home/navdeep/Vivado/2018.2/common/technology/xilinx/interface/xilinx_interface.hlp 
Execute           source /home/navdeep/Vivado/2018.2/common/technology/xilinx/interface/maxi.hlp 
Execute           source /home/navdeep/Vivado/2018.2/common/technology/xilinx/interface/saxilite.hlp 
Execute         source /home/navdeep/Vivado/2018.2/common/technology/xilinx/common/dsp48.hlp 
Execute       source /home/navdeep/Vivado/2018.2/common/technology/xilinx/aartix7/dsp48e1.hlp 
Execute       get_default_platform 
Execute       config_chip_info -quiet -resource  {SLICE 15850} {LUT 63400}     {FF 126800} {DSP48E 240}    {BRAM 270}  
Execute       config_chip_info -quiet -speed medium 
Execute       source /home/navdeep/Vivado/2018.2/common/technology/xilinx/common/xilinx.hlp 
Execute         source /home/navdeep/Vivado/2018.2/common/technology/xilinx/common/target_info.tcl 
Execute         source /home/navdeep/Vivado/2018.2/common/technology/xilinx/interface/xilinx_interface.hlp 
Execute           source /home/navdeep/Vivado/2018.2/common/technology/xilinx/interface/maxi.hlp 
Execute           source /home/navdeep/Vivado/2018.2/common/technology/xilinx/interface/saxilite.hlp 
Execute         source /home/navdeep/Vivado/2018.2/common/technology/xilinx/common/dsp48.hlp 
Execute     source /home/navdeep/Vivado/2018.2/common/technology/xilinx/aartix7/aartix7.gen 
Execute       source /home/navdeep/Vivado/2018.2/common/technology/xilinx/common/virtex.gen 
Execute         source /home/navdeep/Vivado/2018.2/common/technology/xilinx/common/xilinx.gen 
Execute           source /home/navdeep/Vivado/2018.2/common/technology/xilinx/interface/plb46.gen 
Execute           source /home/navdeep/Vivado/2018.2/common/technology/xilinx/interface/fsl.gen 
Execute           source /home/navdeep/Vivado/2018.2/common/technology/xilinx/interface/axi4.gen 
Execute           source /home/navdeep/Vivado/2018.2/common/technology/xilinx/interface/nativeAXI4.gen 
Execute             source /home/navdeep/Vivado/2018.2/common/technology/xilinx/interface/saxilite.gen 
Execute             source /home/navdeep/Vivado/2018.2/common/technology/xilinx/interface/maxi.gen 
Execute           source /home/navdeep/Vivado/2018.2/common/technology/xilinx/scripts/xilinxcoregen.gen 
Execute           source /home/navdeep/Vivado/2018.2/common/technology/xilinx/interface/XilEDKCoreGen.gen 
Execute           source /home/navdeep/Vivado/2018.2/common/technology/xilinx/ip/dds_compiler.gen 
Execute           source /home/navdeep/Vivado/2018.2/common/technology/xilinx/ip/util.gen 
Execute           source /home/navdeep/Vivado/2018.2/common/technology/xilinx/ip/xfft.gen 
Execute           source /home/navdeep/Vivado/2018.2/common/technology/xilinx/ip/xfir.gen 
Execute         source /home/navdeep/Vivado/2018.2/common/technology/xilinx/common/dsp48.gen 
Execute     open_platform DefaultPlatform 
Execute     import_lib /home/navdeep/Vivado/2018.2/common/technology/xilinx/aartix7/aartix7_fpv6 
Execute       source /home/navdeep/Vivado/2018.2/common/technology/xilinx/common/xilinx_fpv7.lib 
Execute         source /home/navdeep/Vivado/2018.2/common/technology/xilinx/common/xilinx_hp.lib 
Execute       source /home/navdeep/Vivado/2018.2/common/technology/xilinx/common/xilinx_fpv.hlp 
Execute         source /home/navdeep/Vivado/2018.2/common/technology/xilinx/common/xilinx.hlp 
Execute           source /home/navdeep/Vivado/2018.2/common/technology/xilinx/common/target_info.tcl 
Execute           source /home/navdeep/Vivado/2018.2/common/technology/xilinx/interface/xilinx_interface.hlp 
Execute             source /home/navdeep/Vivado/2018.2/common/technology/xilinx/interface/maxi.hlp 
Execute             source /home/navdeep/Vivado/2018.2/common/technology/xilinx/interface/saxilite.hlp 
Execute           source /home/navdeep/Vivado/2018.2/common/technology/xilinx/common/dsp48.hlp 
Execute       source /home/navdeep/Vivado/2018.2/common/technology/xilinx/aartix7/aartix7_hp.hlp 
Execute     source /home/navdeep/Vivado/2018.2/common/technology/xilinx/aartix7/aartix7_fpv6.gen 
Execute       source /home/navdeep/Vivado/2018.2/common/technology/xilinx/common/xilinx_fpv6.gen 
Execute     set_part xa7a12tcsg325-1q 
Execute       add_library xilinx/aartix7/aartix7:xa7a12t:csg325:-1q 
Execute         get_default_platform 
Execute         license_isbetapart xa7a12t 
Command         license_isbetapart done; error code: 1; 
Execute         get_default_platform 
Execute         config_chip_info -quiet -resource  {SLICE 2000}  {LUT 8000}      {FF 16000}  {DSP48E 40}     {BRAM 40}  
Execute         config_chip_info -quiet -speed slow 
Execute       add_library xilinx/aartix7/aartix7_fpv6 
Execute         get_default_platform 
INFO: [HLS 200-10] Setting target device to 'xa7a12tcsg325-1q'
Execute       get_default_platform 
Execute     get_default_platform 
Execute     config_chip_info -quiet -resource  {SLICE 2000}  {LUT 8000}      {FF 16000}  {DSP48E 40}     {BRAM 40}  
Execute     config_chip_info -quiet -speed slow 
Command   open_solution done; 0.15 sec.
Execute   set_part xa7a12tcsg325-1q 
Execute     add_library xilinx/aartix7/aartix7:xa7a12t:csg325:-1q 
Execute       get_default_platform 
Execute       license_isbetapart xa7a12t 
Command       license_isbetapart done; error code: 1; 
Execute       get_default_platform 
Execute       config_chip_info -quiet -resource  {SLICE 2000}  {LUT 8000}      {FF 16000}  {DSP48E 40}     {BRAM 40}  
Execute       config_chip_info -quiet -speed slow 
Execute     add_library xilinx/aartix7/aartix7_fpv6 
Execute       get_default_platform 
Execute     get_default_platform 
Execute   create_clock -period 10 -name default 
Execute     config_clock -quiet -name default -period 10 -default=false 
INFO: [SYN 201-201] Setting up clock 'default' with a period of 10ns.
Execute   csynth_design 
Execute     get_config_compile -effort 
Execute     get_config_compile -enable_clang39 
Execute     get_config_compile -g 
Execute     get_config_compile -lm 
Execute     get_config_compile -ng 
Execute     get_config_compile -opt_fp 
Execute     get_config_compile -skip_cdt 
Execute     get_config_compile -skip_syncheck 
Execute     get_config_compile -skip_transform 
Execute     get_config_compile -keep_printf 
Execute     elaborate -effort=medium -skip_syncheck=0 -keep_printf=0 -lm=0 -skip_cdt=0 -skip_transform=0 -ng=0 -g=0 -opt_fp=0 -from_csynth_design=1 
Execute       get_config_schedule -relax_ii_for_timing 
Execute       get_config_schedule -suppress_dependence_error_break 
INFO: [HLS 200-10] Analyzing design file 'vlsi_eval4.c' ... 
INFO-FLOW: Compiling one TU...
Execute       is_m_axi_addr64 
INFO-FLOW: Handling vlsi_eval4.c as C
Execute       get_default_platform 
Execute       is_encrypted vlsi_eval4.c 
INFO-FLOW: Source preprocessing
Execute       clang  -fno-limit-debug-info -gcc-toolchain "/home/navdeep/Vivado/2018.2/lnx64/tools/gcc" -hls  -fno-exceptions  -D__llvm__  -E "vlsi_eval4.c"     -fno-math-errno -c -emit-llvm -O0  -mllvm -disable-llvm-optzns -std=gnu89   -DAESL_SYN -D__SYNTHESIS__ -D__HLS_SYN__ -I "/home/navdeep/Vivado/2018.2/common/technology/autopilot" -I "/home/navdeep/Vivado/2018.2/common/technology/autopilot/ap_sysc" -include etc/autopilot_ssdm_op.h -D__DSP48E1__  -o "/home/navdeep/Desktop/vlsi_4.0/vlsi_proj/solution1/.autopilot/db/vlsi_eval4.pp.0.c" 
INFO-FLOW: exec /home/navdeep/Vivado/2018.2/lnx64/tools/clang/bin/clang -fno-limit-debug-info -gcc-toolchain /home/navdeep/Vivado/2018.2/lnx64/tools/gcc -hls -fno-exceptions -D__llvm__ -E vlsi_eval4.c -fno-math-errno -c -emit-llvm -O0 -mllvm -disable-llvm-optzns -std=gnu89 -DAESL_SYN -D__SYNTHESIS__ -D__HLS_SYN__ -I /home/navdeep/Vivado/2018.2/common/technology/autopilot -I /home/navdeep/Vivado/2018.2/common/technology/autopilot/ap_sysc -include etc/autopilot_ssdm_op.h -D__DSP48E1__ -o /home/navdeep/Desktop/vlsi_4.0/vlsi_proj/solution1/.autopilot/db/vlsi_eval4.pp.0.c
Command       clang done; 0.81 sec.
INFO-FLOW: Syntax Checking before pre-processing...
Execute       clang  -fno-limit-debug-info -gcc-toolchain "/home/navdeep/Vivado/2018.2/lnx64/tools/gcc" -hls    -fno-math-errno -c -emit-llvm -O0  -mllvm -disable-llvm-optzns -std=gnu89   -DAESL_SYN -D__SYNTHESIS__ -D__HLS_SYN__ -I "/home/navdeep/Vivado/2018.2/common/technology/autopilot" -I "/home/navdeep/Vivado/2018.2/common/technology/autopilot/ap_sysc" -include etc/autopilot_ssdm_op.h -D__DSP48E1__  "/home/navdeep/Desktop/vlsi_4.0/vlsi_proj/solution1/.autopilot/db/vlsi_eval4.pp.0.c"  -o "/home/navdeep/Desktop/vlsi_4.0/vlsi_proj/solution1/.autopilot/db/useless.bc"  
INFO-FLOW: exec /home/navdeep/Vivado/2018.2/lnx64/tools/clang/bin/clang -fno-limit-debug-info -gcc-toolchain /home/navdeep/Vivado/2018.2/lnx64/tools/gcc -hls -fno-math-errno -c -emit-llvm -O0 -mllvm -disable-llvm-optzns -std=gnu89 -DAESL_SYN -D__SYNTHESIS__ -D__HLS_SYN__ -I /home/navdeep/Vivado/2018.2/common/technology/autopilot -I /home/navdeep/Vivado/2018.2/common/technology/autopilot/ap_sysc -include etc/autopilot_ssdm_op.h -D__DSP48E1__ /home/navdeep/Desktop/vlsi_4.0/vlsi_proj/solution1/.autopilot/db/vlsi_eval4.pp.0.c -o /home/navdeep/Desktop/vlsi_4.0/vlsi_proj/solution1/.autopilot/db/useless.bc
Command       clang done; 0.9 sec.
INFO-FLOW: GCC PP time: 1 seconds per iteration
Execute       list_core -type functional_unit 
Execute       tidy_31 xilinx-systemc-detector /home/navdeep/Desktop/vlsi_4.0/vlsi_proj/solution1/.autopilot/db/vlsi_eval4.pp.0.c std=gnu89 -directive=/home/navdeep/Desktop/vlsi_4.0/vlsi_proj/solution1/.autopilot/db/.systemc_flag 
INFO-FLOW: exec /home/navdeep/Vivado/2018.2/lnx64/tools/clang-3.9-csynth/bin/tidy-3.1 -header-filter=.* --checks=-*,xilinx-systemc-detector -import-directive=/home/navdeep/Desktop/vlsi_4.0/vlsi_proj/solution1/.autopilot/db/.systemc_flag -quiet -fix-errors /home/navdeep/Desktop/vlsi_4.0/vlsi_proj/solution1/.autopilot/db/vlsi_eval4.pp.0.c -- -std=gnu89 -fhls -ferror-limit=0
INFO-FLOW: CDT Preprocessing with tidy-3.1...
Execute       tidy_31 xilinx-directive2pragma /home/navdeep/Desktop/vlsi_4.0/vlsi_proj/solution1/.autopilot/db/vlsi_eval4.pp.0.c std=gnu89 -directive=/home/navdeep/Desktop/vlsi_4.0/vlsi_proj/solution1/solution1.json 
INFO-FLOW: exec /home/navdeep/Vivado/2018.2/lnx64/tools/clang-3.9-csynth/bin/tidy-3.1 -header-filter=.* --checks=-*,xilinx-directive2pragma -import-directive=/home/navdeep/Desktop/vlsi_4.0/vlsi_proj/solution1/solution1.json -quiet -fix-errors /home/navdeep/Desktop/vlsi_4.0/vlsi_proj/solution1/.autopilot/db/vlsi_eval4.pp.0.c -- -std=gnu89 -fhls -ferror-limit=0
Execute       get_config_dataflow -strict_mode 
Execute       ap_eval exec -ignorestderr /home/navdeep/Vivado/2018.2/lnx64/tools/clang-3.9-csynth/bin/xilinx-dataflow-lawyer -export-fixes=/home/navdeep/Desktop/vlsi_4.0/vlsi_proj/solution1/.autopilot/db/xilinx-dataflow-lawyer.vlsi_eval4.pp.0.c.diag.yml /home/navdeep/Desktop/vlsi_4.0/vlsi_proj/solution1/.autopilot/db/vlsi_eval4.pp.0.c -- -std=gnu99 -fhls -ferror-limit=0 -fstrict-dataflow > /home/navdeep/Desktop/vlsi_4.0/vlsi_proj/solution1/.autopilot/db/xilinx-dataflow-lawyer.vlsi_eval4.pp.0.c.out.log 2> /home/navdeep/Desktop/vlsi_4.0/vlsi_proj/solution1/.autopilot/db/xilinx-dataflow-lawyer.vlsi_eval4.pp.0.c.err.log 
Execute       tidy_31 -errorcheck xilinx-constantarray-param,xilinx-resource-pragma-transformer /home/navdeep/Desktop/vlsi_4.0/vlsi_proj/solution1/.autopilot/db/vlsi_eval4.pp.0.c std=gnu89 
INFO-FLOW: exec /home/navdeep/Vivado/2018.2/lnx64/tools/clang-3.9-csynth/bin/tidy-3.1 -header-filter=.* --checks=-*,xilinx-constantarray-param,xilinx-resource-pragma-transformer -quiet -fix-errors /home/navdeep/Desktop/vlsi_4.0/vlsi_proj/solution1/.autopilot/db/vlsi_eval4.pp.0.c -- -std=gnu89 -fhls -ferror-limit=0
INFO-FLOW: exec /home/navdeep/Vivado/2018.2/lnx64/tools/clang-3.9-csynth/bin/xilinx-legacy-rewriter /home/navdeep/Desktop/vlsi_4.0/vlsi_proj/solution1/.autopilot/db/vlsi_eval4.pp.0.c -- -std=gnu89 -fhls -ferror-limit=0
Command       tidy_31 done; 0.19 sec.
INFO-FLOW: tidy-3.1 time 0 seconds per iteration
INFO-FLOW: Pragma Handling...
Execute       tidy_31 xilinx-ssdm-intrinsics-arguments /home/navdeep/Desktop/vlsi_4.0/vlsi_proj/solution1/.autopilot/db/vlsi_eval4.pragma.1.c std=gnu89 
INFO-FLOW: exec /home/navdeep/Vivado/2018.2/lnx64/tools/clang-3.9-csynth/bin/tidy-3.1 -header-filter=.* --checks=-*,xilinx-ssdm-intrinsics-arguments -quiet -fix-errors /home/navdeep/Desktop/vlsi_4.0/vlsi_proj/solution1/.autopilot/db/vlsi_eval4.pragma.1.c -- -std=gnu89 -fhls -ferror-limit=0
Command       tidy_31 done; 0.14 sec.
INFO-FLOW: Source preprocessing
Execute       clang  -fno-limit-debug-info -gcc-toolchain "/home/navdeep/Vivado/2018.2/lnx64/tools/gcc" -hls  -fno-exceptions  -D__llvm__  -E "/home/navdeep/Desktop/vlsi_4.0/vlsi_proj/solution1/.autopilot/db/vlsi_eval4.pragma.1.c"     -fno-math-errno -c -emit-llvm -O0  -mllvm -disable-llvm-optzns -std=gnu89   -DAESL_SYN -D__SYNTHESIS__ -D__HLS_SYN__ -I "/home/navdeep/Vivado/2018.2/common/technology/autopilot" -I "/home/navdeep/Vivado/2018.2/common/technology/autopilot/ap_sysc" -include etc/autopilot_ssdm_op.h -D__DSP48E1__  -o "/home/navdeep/Desktop/vlsi_4.0/vlsi_proj/solution1/.autopilot/db/vlsi_eval4.pragma.2.c" 
INFO-FLOW: exec /home/navdeep/Vivado/2018.2/lnx64/tools/clang/bin/clang -fno-limit-debug-info -gcc-toolchain /home/navdeep/Vivado/2018.2/lnx64/tools/gcc -hls -fno-exceptions -D__llvm__ -E /home/navdeep/Desktop/vlsi_4.0/vlsi_proj/solution1/.autopilot/db/vlsi_eval4.pragma.1.c -fno-math-errno -c -emit-llvm -O0 -mllvm -disable-llvm-optzns -std=gnu89 -DAESL_SYN -D__SYNTHESIS__ -D__HLS_SYN__ -I /home/navdeep/Vivado/2018.2/common/technology/autopilot -I /home/navdeep/Vivado/2018.2/common/technology/autopilot/ap_sysc -include etc/autopilot_ssdm_op.h -D__DSP48E1__ -o /home/navdeep/Desktop/vlsi_4.0/vlsi_proj/solution1/.autopilot/db/vlsi_eval4.pragma.2.c
Command       clang done; 0.83 sec.
Execute       get_default_platform 
INFO-FLOW: Processing labels
Execute       clang -src /home/navdeep/Desktop/vlsi_4.0/vlsi_proj/solution1/.autopilot/db/vlsi_eval4.pragma.2.c  -fno-limit-debug-info -gcc-toolchain /home/navdeep/Vivado/2018.2/lnx64/tools/gcc -hls -hls-analyze-label -hls-analyze-pragma -fno-exceptions  -D__llvm__  -w  "/home/navdeep/Desktop/vlsi_4.0/vlsi_proj/solution1/.autopilot/db/vlsi_eval4.pragma.2.c"    -fno-math-errno -c -emit-llvm -O0  -mllvm -disable-llvm-optzns -std=gnu89  -DAESL_SYN -D__SYNTHESIS__ -D__HLS_SYN__ -I "/home/navdeep/Vivado/2018.2/common/technology/autopilot" -I "/home/navdeep/Vivado/2018.2/common/technology/autopilot/ap_sysc" -include etc/autopilot_ssdm_op.h -D__DSP48E1__ -g -o "/home/navdeep/Desktop/vlsi_4.0/vlsi_proj/solution1/.autopilot/db/vlsi_eval4.bc" 
INFO-FLOW: exec /home/navdeep/Vivado/2018.2/lnx64/tools/clang/bin/clang -fno-limit-debug-info -gcc-toolchain /home/navdeep/Vivado/2018.2/lnx64/tools/gcc -hls -hls-analyze-label -hls-analyze-pragma -fno-exceptions -D__llvm__ -w /home/navdeep/Desktop/vlsi_4.0/vlsi_proj/solution1/.autopilot/db/vlsi_eval4.pragma.2.c -fno-math-errno -c -emit-llvm -O0 -mllvm -disable-llvm-optzns -std=gnu89 -DAESL_SYN -D__SYNTHESIS__ -D__HLS_SYN__ -I /home/navdeep/Vivado/2018.2/common/technology/autopilot -I /home/navdeep/Vivado/2018.2/common/technology/autopilot/ap_sysc -include etc/autopilot_ssdm_op.h -D__DSP48E1__ -g -o /home/navdeep/Desktop/vlsi_4.0/vlsi_proj/solution1/.autopilot/db/vlsi_eval4.bc
Command       clang done; 0.88 sec.
INFO-FLOW: Linking Debug ...
Execute       llvm-ld /home/navdeep/Desktop/vlsi_4.0/vlsi_proj/solution1/.autopilot/db/vlsi_eval4.g.bc -hls-opt -except-internalize navdepp -L/home/navdeep/Vivado/2018.2/lnx64/lib -lhlsm -lhlsmc++ -o /home/navdeep/Desktop/vlsi_4.0/vlsi_proj/solution1/.autopilot/db/a.g 
Command       llvm-ld done; 0.43 sec.
INFO: [HLS 200-111] Finished Linking Time (s): cpu = 00:00:04 ; elapsed = 00:00:05 . Memory (MB): peak = 350.988 ; gain = 0.000 ; free physical = 1210 ; free virtual = 10917
INFO: [HLS 200-111] Finished Checking Pragmas Time (s): cpu = 00:00:04 ; elapsed = 00:00:05 . Memory (MB): peak = 350.988 ; gain = 0.000 ; free physical = 1210 ; free virtual = 10917
Execute       ::config_rtl 
Execute       opt_and_import_c a -opt_level=2 -skip_syncheck=0 -ng=0 -keep_printf=0 
Execute         cleanup_all_models 
INFO: [HLS 200-10] Starting code transformations ...
Execute         transform -promote-dbg-pointer /home/navdeep/Desktop/vlsi_4.0/vlsi_proj/solution1/.autopilot/db/a.pp.bc -o /home/navdeep/Desktop/vlsi_4.0/vlsi_proj/solution1/.autopilot/db/a.pp.0.bc -f 
Execute         llvm-ld /home/navdeep/Desktop/vlsi_4.0/vlsi_proj/solution1/.autopilot/db/a.pp.0.bc -disable-opt -L/home/navdeep/Vivado/2018.2/lnx64/lib -lfloatconversion -o /home/navdeep/Desktop/vlsi_4.0/vlsi_proj/solution1/.autopilot/db/a.g.0 
Command         llvm-ld done; 0.42 sec.
INFO-FLOW: Running Standard Transforms...
Execute         transform -hls -share-std-xform -demangle-name -inline-byval-memcpy -always-inline -promote-dbg-pointer -interface-preproc -scalarrepl -mem2reg -keep-read-access -instcombine -dce -promote-dbg-pointer -bitop-raise -loop-simplify -indvarspre -indvars -loop-simplify -xunroll -constprop -instcombine -simplifycfg -indvars -simplifycfg -dce -globaldce -basicaa -simplifycfg -mem2reg -globalopt -global-constprop -deadargelim -instcombine -simplifycfg -prune-eh -simplifycfg -scalarrepl -instcombine -reassociate -licm -simplifycfg -loop-simplify -indvars -instcombine -simplifycfg -mem2reg -loop-simplify -indvars -instcombine -gvn -gvn -instcombine -adce -break-crit-edges -simplifycfg -loop-delete -global-array-opt -dce -dse -adce -find-syn-modules -top navdepp -deadargelim -mem2reg -instcombine -dce -presyn-prepare -auto-rom-infer -interface-preproc -syn-check -check-rec-only -find-region -simplifycfg -func-extr -function-inline -globaldce -mem2reg -instcombine -dce -gvn -globaldce -adce -adse -constprop -instcombine -bit-constprop -instcombine -dce -simplifycfg -bitop-raise -simplifycfg -dce -loop-delete -reassociate -globalopt -global-privatize -mem2reg -dce -global-constprop -pointer-simplify -constprop -dce -func-inst -deadargelim -auto-shift-reg-idiom -promote-dbg-pointer -norm-name /home/navdeep/Desktop/vlsi_4.0/vlsi_proj/solution1/.autopilot/db/a.g.0.bc -o /home/navdeep/Desktop/vlsi_4.0/vlsi_proj/solution1/.autopilot/db/a.g.1.bc -f -phase std-opt 
Command         transform done; 5.43 sec.
INFO: [HLS 200-111] Finished Standard Transforms Time (s): cpu = 00:00:10 ; elapsed = 00:00:11 . Memory (MB): peak = 476.988 ; gain = 126.000 ; free physical = 1119 ; free virtual = 10848
INFO: [HLS 200-10] Checking synthesizability ...
INFO-FLOW: Checking Synthesizability 1/2..
Execute         transform -hls -syn-check -check-rec-only -disaggr -scalarrepl -norm-name -dce -mem2reg -instcombine -function-uniquify -directive-preproc -mem2reg -dse -dce -auto-rom-infer -dce -array-normalize -instcombine -dce -warn-fifo-pointer -array-seg-normalize -instcombine -dce -array-flatten -instcombine -dce -array-burst -dce -deadargelim -promote-global-argument -simplifycfg -mem2reg -globaldce -resolve-double-ptr -dce -deadargelim -dce -instcombine -function-inline -globaldce -dce -doublePtrSimplify -doublePtrElim -dce -doublePtrSimplify -promote-dbg-pointer -dce -scalarrepl -dse -adse -instcombine -ptrLegalization -simplifycfg -dce -instcombine -pointer-simplify -ptrArgReplace -dce -instcombine -disaggr -scalarrepl -norm-name -dce -mem2reg -instcombine -ptrLegalization -simplifycfg -deadargelim -instcombine -dce -inst-simplify -function-uniquify -directive-preproc -mem2reg -dse -dce -globaldce /home/navdeep/Desktop/vlsi_4.0/vlsi_proj/solution1/.autopilot/db/a.g.1.bc -o /home/navdeep/Desktop/vlsi_4.0/vlsi_proj/solution1/.autopilot/db/a.g.2.prechk.bc -f 
INFO: [XFORM 203-602] Inlining function 'k2c_bias_add' into 'k2c_conv2d' (vlsi_eval4.c:414) automatically.
INFO: [XFORM 203-602] Inlining function 'k2c_idx2sub' into 'k2c_dot' (vlsi_eval4.c:190) automatically.
INFO: [XFORM 203-602] Inlining function 'k2c_bias_add' into 'k2c_dense.1' (vlsi_eval4.c:298) automatically.
INFO: [XFORM 203-602] Inlining function 'k2c_idx2sub' into 'k2c_dot.1' (vlsi_eval4.c:190) automatically.
INFO: [XFORM 203-602] Inlining function 'k2c_bias_add' into 'k2c_dense' (vlsi_eval4.c:298) automatically.
INFO: [XFORM 203-602] Inlining function 'k2c_flatten' into 'navdepp' (vlsi_eval4.c:5048) automatically.
Command         transform done; 21.09 sec.
INFO-FLOW: Checking Synthesizability 2/2..
Execute         transform -syn-check /home/navdeep/Desktop/vlsi_4.0/vlsi_proj/solution1/.autopilot/db/a.g.2.prechk.bc -o /home/navdeep/Desktop/vlsi_4.0/vlsi_proj/solution1/.autopilot/db/a.g.2.bc -f -phase syn-check 
INFO: [HLS 200-111] Finished Checking Synthesizability Time (s): cpu = 00:00:31 ; elapsed = 00:00:32 . Memory (MB): peak = 1693.188 ; gain = 1342.199 ; free physical = 304 ; free virtual = 10035
INFO-FLOW: Compiler optimizing ...
INFO-FLOW: Share syncheck's 1.bc for syn flow: copy /home/navdeep/Desktop/vlsi_4.0/vlsi_proj/solution1/.autopilot/db/a.g.1.bc to /home/navdeep/Desktop/vlsi_4.0/vlsi_proj/solution1/.autopilot/db/a.o.1.bc
INFO-FLOW: Presyn 1...
Execute         transform -hls -tmp /home/navdeep/Desktop/vlsi_4.0/vlsi_proj/solution1/.autopilot/db -interface-port-rename -type-info -function-uniquify -directive-preproc -mem2reg -dse -dce -disaggr -scalarrepl -norm-name -deadargelim -mem2reg -instcombine -dce -simplifycfg -auto-rom-infer -dce -function-uniquify -resource-proc -simplifycfg -mem2reg -globaldce -resolve-double-ptr -dce -deadargelim -dce -instcombine -clib-intrinsic-prepare -dce -func-buffer -dce -array-normalize -func-legal -instcombine -gvn -constprop -dce -ptrArgReplace -mem2reg -instcombine -dce -array-seg-normalize -deadargelim -instcombine -dce -pointer-simplify -dce -port-alignment -dce -interface-preproc -data-pack -instcombine -dce -basicaa -aggr-aa -aggrmodref-aa -aggr-aa -gvn -gvn -basicaa -aggr-aa -aggrmodref-aa -aggr-aa -dse -adse -adce -loop-simplify -indvars -instcombine -gvn -loop-simplify -mem2reg -dce -find-region -instcombine -auto-loop-pipeline -inst-simplify -interface-preproc -cfgopt -instcombine -indvars -auto-loop-unroll -loop-simplify -loop-bound -xunroll -constprop -instcombine -simplifycfg -indvars -simplifycfg -dce -globaldce -clean-region -attach-range -gvn -inst-simplify -constprop -simplifycfg -dce -pointer-simplify -dce -globalopt -constprop -dce -array-promote -constprop -instcombine -dce -ptrArgReplace -mem2reg -instcombine -simplifycfg -dce -auto-par -instcombine -dce -array-transform-check -array-reshape -instcombine -simplifycfg -dce -ptrArgReplace -deadargelim -mem2reg -instcombine -simplifycfg -dce -indvars -loop-simplify -loop-bound -xunroll -constprop -instcombine -simplifycfg -indvars -simplifycfg -dce -globaldce -duplicate-dataflow-processes -globaldce -instcombine -array-partition -instcombine -simplifycfg -dce -ptrArgReplace -global-constprop -deadargelim -mem2reg -func-legal -instcombine -dce -global-constprop -deadargelim -mem2reg -instcombine -simplifycfg -dce -merge-param -deadargelim -globalopt -constprop -dce -array-promote -constprop -instcombine -dce -ptrArgReplace -mem2reg -instcombine -simplifycfg -dce -mem-intrinsic-preproc -dce -global-internalize -global-privatize -mem2reg -globaldce -promote-global-argument -ptrArgReplace -mem2reg -instcombine -dce -globalopt -mergereturn -simplify-global-access -mem2reg -dce -pointer-simplify -dce -functionattrs -basicaa -aggr-aa -aggrmodref-aa -aggr-aa -gvn -gvn -basicaa -aggr-aa -aggrmodref-aa -aggr-aa -dse -adse -adce -inst-simplify -dce -norm-name -function-inline -globaldce -func-inst -constprop -instcombine -simplifycfg -dce -func-legal -dce -loop-bound -arraycheck -bitwidthmin -on-by-dataflow -loop-delete -instcombine -simplifycfg -globaldce -dce -gvn -deadargelim -dce -loop-simplify -clean-region -simplifycfg -propagate-stable-arguments -loop-stream -instcombine -simplifycfg -dce -globaldce -duplicate-dataflow-processes -stream-intrinsic-preproc -dce -check-ap-stream -loop-simplify -eliminate-keepreads -extract-dataflow-in-loop -loop-simplify -dce -gvn -deadargelim -dse -check-dataflow-syntax -legalize-stream-variable -legalize-global -extract-subproc -dce -dead-channel-elimination -canonicalize-gep -globaldce -dce -gvn -deadargelim -annotate-dataflow-channels -scalar-propagation -deadargelim -globaldce -mem2reg -check-dataflow-channels -function-stream -dce -globaldce -prop-fifo-spec -internal-stream-gen -canonicalize-gep -globaldce -dce -gvn -deadargelim -mergereturn -indvars -loop-simplify -instcombine -array-stream -array-seg-normalize -array-partition -func-legal -instcombine -simplifycfg -dce -bundle-memfifo-ops -deadargelim -function-uniquify -directive-preproc -mem2reg -dse -dce -group-axi-access -licm -simplifycfg -dce -loop-delete -norm-name /home/navdeep/Desktop/vlsi_4.0/vlsi_proj/solution1/.autopilot/db/a.o.1.bc -o /home/navdeep/Desktop/vlsi_4.0/vlsi_proj/solution1/.autopilot/db/a.o.1.tmp.bc -f 
INFO: [XFORM 203-502] Unrolling small iteration loop 'Loop-1.1' (vlsi_eval4.c:131) in function 'k2c_dot' automatically.
INFO: [XFORM 203-502] Unrolling small iteration loop 'Loop-2.1' (vlsi_eval4.c:144) in function 'k2c_dot' automatically.
INFO: [XFORM 203-502] Unrolling small iteration loop 'Loop-3' (vlsi_eval4.c:156) in function 'k2c_dot' automatically.
INFO: [XFORM 203-502] Unrolling small iteration loop 'Loop-4' (vlsi_eval4.c:159) in function 'k2c_dot' automatically.
INFO: [XFORM 203-502] Unrolling small iteration loop 'Loop-7' (vlsi_eval4.c:172) in function 'k2c_dot' automatically.
INFO: [XFORM 203-502] Unrolling small iteration loop 'Loop-1.1' (vlsi_eval4.c:131) in function 'k2c_dot.1' automatically.
INFO: [XFORM 203-502] Unrolling small iteration loop 'Loop-2.1' (vlsi_eval4.c:144) in function 'k2c_dot.1' automatically.
INFO: [XFORM 203-502] Unrolling small iteration loop 'Loop-3' (vlsi_eval4.c:156) in function 'k2c_dot.1' automatically.
INFO: [XFORM 203-502] Unrolling small iteration loop 'Loop-4' (vlsi_eval4.c:159) in function 'k2c_dot.1' automatically.
INFO: [XFORM 203-502] Unrolling small iteration loop 'Loop-7' (vlsi_eval4.c:172) in function 'k2c_dot.1' automatically.
INFO: [XFORM 203-501] Unrolling loop 'Loop-1' (vlsi_eval4.c:3715) in function 'navdepp' partially with a factor of 4.
INFO: [XFORM 203-501] Unrolling loop 'Loop-2' (vlsi_eval4.c:3738) in function 'navdepp' partially with a factor of 16.
INFO: [XFORM 203-501] Unrolling loop 'Loop-3' (vlsi_eval4.c:3845) in function 'navdepp' partially with a factor of 4.
INFO: [XFORM 203-501] Unrolling loop 'Loop-4' (vlsi_eval4.c:3870) in function 'navdepp' partially with a factor of 16.
INFO: [XFORM 203-501] Unrolling loop 'Loop-6' (vlsi_eval4.c:3913) in function 'navdepp' partially with a factor of 16.
INFO: [XFORM 203-501] Unrolling loop 'Loop-7' (vlsi_eval4.c:4855) in function 'navdepp' partially with a factor of 8.
INFO: [XFORM 203-501] Unrolling loop 'Loop-8' (vlsi_eval4.c:4877) in function 'navdepp' partially with a factor of 16.
INFO: [XFORM 203-501] Unrolling loop 'Loop-9' (vlsi_eval4.c:4896) in function 'navdepp' partially with a factor of 8.
INFO: [XFORM 203-501] Unrolling loop 'Loop-10' (vlsi_eval4.c:4914) in function 'navdepp' partially with a factor of 8.
INFO: [XFORM 203-501] Unrolling loop 'Loop-11' (vlsi_eval4.c:4933) in function 'navdepp' partially with a factor of 16.
INFO: [XFORM 203-501] Unrolling loop 'Loop-12' (vlsi_eval4.c:4961) in function 'navdepp' partially with a factor of 8.
INFO: [XFORM 203-501] Unrolling loop 'Loop-14' (vlsi_eval4.c:4991) in function 'navdepp' partially with a factor of 8.
INFO: [XFORM 203-501] Unrolling loop 'Loop-1.1' (vlsi_eval4.c:131) in function 'k2c_dot' completely.
INFO: [XFORM 203-501] Unrolling loop 'Loop-2.1' (vlsi_eval4.c:144) in function 'k2c_dot' completely.
INFO: [XFORM 203-501] Unrolling loop 'Loop-3' (vlsi_eval4.c:156) in function 'k2c_dot' completely.
INFO: [XFORM 203-501] Unrolling loop 'Loop-4' (vlsi_eval4.c:159) in function 'k2c_dot' completely.
INFO: [XFORM 203-501] Unrolling loop 'Loop-7' (vlsi_eval4.c:172) in function 'k2c_dot' completely.
INFO: [XFORM 203-501] Unrolling loop 'Loop-1.1' (vlsi_eval4.c:131) in function 'k2c_dot.1' completely.
INFO: [XFORM 203-501] Unrolling loop 'Loop-2.1' (vlsi_eval4.c:144) in function 'k2c_dot.1' completely.
INFO: [XFORM 203-501] Unrolling loop 'Loop-3' (vlsi_eval4.c:156) in function 'k2c_dot.1' completely.
INFO: [XFORM 203-501] Unrolling loop 'Loop-4' (vlsi_eval4.c:159) in function 'k2c_dot.1' completely.
INFO: [XFORM 203-501] Unrolling loop 'Loop-7' (vlsi_eval4.c:172) in function 'k2c_dot.1' completely.
INFO: [XFORM 203-102] Partitioning array 'conv2d_22_stride' (vlsi_eval4.c:3707) automatically.
INFO: [XFORM 203-102] Partitioning array 'conv2d_22_dilation' (vlsi_eval4.c:3708) automatically.
INFO: [XFORM 203-102] Partitioning array 'max_pooling2d_18_stride' (vlsi_eval4.c:3859) automatically.
INFO: [XFORM 203-102] Partitioning array 'max_pooling2d_18_pool_size' (vlsi_eval4.c:3860) automatically.
INFO: [XFORM 203-102] Partitioning array 'conv2d_23_stride' (vlsi_eval4.c:3885) automatically.
INFO: [XFORM 203-102] Partitioning array 'conv2d_23_dilation' (vlsi_eval4.c:3886) automatically.
INFO: [XFORM 203-102] Partitioning array 'max_pooling2d_19_stride' (vlsi_eval4.c:4869) automatically.
INFO: [XFORM 203-102] Partitioning array 'max_pooling2d_19_pool_size' (vlsi_eval4.c:4870) automatically.
INFO: [XFORM 203-102] Partitioning array 'axesA' automatically.
INFO: [XFORM 203-102] Partitioning array 'conv2d_22_output.shape' automatically.
INFO: [XFORM 203-102] Partitioning array 'conv2d_22_kernel.shape' automatically.
INFO: [XFORM 203-102] Partitioning array 'conv2d_23_output.shape' automatically.
INFO: [XFORM 203-102] Partitioning array 'conv2d_23_kernel.shape' automatically.
INFO: [XFORM 203-102] Automatically partitioning small array 'dense_23_bias_array' completely based on array size.
INFO: [XFORM 203-101] Partitioning array 'dense_23_bias_array' in dimension 1 completely.
INFO: [XFORM 203-602] Inlining function 'k2c_bias_add' into 'k2c_conv2d' (vlsi_eval4.c:414) automatically.
INFO: [XFORM 203-602] Inlining function 'k2c_flatten' into 'navdepp' (vlsi_eval4.c:5048) automatically.
INFO: [XFORM 203-602] Inlining function 'k2c_dense' into 'navdepp' (vlsi_eval4.c:5049) automatically.
Command         transform done; 21.17 sec.
INFO-FLOW: Presyn 2...
Execute         transform -hls -keep-callgraph -scalarrepl -mem2reg -port-alignment -attach-range -dce -pipe-mux-gen -indvars -loop-bound -inst-simplify -instcombine -dce -merge-array-access -mem2reg -dce -clean-region -mergereturn -if-conv -instcombine -dce -constprop -basicaa -aggr-aa -aggrmodref-aa -aggr-aa -gvn -gvn -basicaa -aggr-aa -aggrmodref-aa -aggr-aa -dse -adse -adce -scalarrepl -mem2reg -global-constprop -deadargelim -deadargelim -instcombine -dce -simplifycfg -ptrArgReplace -mem2reg -function-inline -globaldce -mem2reg -instcombine -dce -expr-balance -instcombine -dce -bitwidthmin -interface-preproc -directive-preproc -inst-rectify -instcombine -dce -functionattrs -constprop -instcombine -bit-constprop -simplify-global-access -globalopt -globaldce -inst-simplify -instcombine -elimdeaddata -dce -loop-delete -simplifycfg -loop-simplify -auto-burst -norm-name /home/navdeep/Desktop/vlsi_4.0/vlsi_proj/solution1/.autopilot/db/a.o.1.tmp.bc -o /home/navdeep/Desktop/vlsi_4.0/vlsi_proj/solution1/.autopilot/db/a.o.2.bc -f -phase presyn 
INFO: [HLS 200-111] Finished Pre-synthesis Time (s): cpu = 00:00:52 ; elapsed = 00:00:53 . Memory (MB): peak = 1693.188 ; gain = 1342.199 ; free physical = 291 ; free virtual = 10033
INFO-FLOW: Building ssdm...
Execute         transform -hls -function-uniquify -auto-function-inline -globaldce -ptrArgReplace -mem2reg -instcombine -dce -reset-lda -loop-simplify -indvars -licm -loop-dep -loop-bound -licm -loop-simplify -flattenloopnest -array-flatten -gvn -instcombine -dce -array-map -dce -func-legal -gvn -adce -instcombine -cfgopt -simplifycfg -loop-simplify -array-burst -promote-global-argument -dce -axi4-lower -array-seg-normalize -basicaa -aggrmodref-aa -globalsmodref-aa -aggr-aa -gvn -gvn -basicaa -aggrmodref-aa -globalsmodref-aa -aggr-aa -dse -adse -adce -licm -inst-simplify -dce -globaldce -instcombine -array-stream -eliminate-keepreads -instcombine -dce -deadargelim -doublePtrSimplify -doublePtrElim -dce -doublePtrSimplify -promote-dbg-pointer -dce -scalarrepl -mem2reg -disaggr -norm-name -mem2reg -instcombine -dse -adse -adce -ptrLegalization -dce -auto-rom-infer -array-flatten -dce -instcombine -check-doubleptr -loop-rot -constprop -cfgopt -simplifycfg -loop-simplify -indvars -pointer-simplify -dce -loop-bound -loop-simplify -loop-preproc -constprop -global-constprop -gvn -mem2reg -instcombine -dce -loop-bound -loop-merge -dce -bitwidthmin -deadargelim -dce -canonicalize-dataflow -dce -scalar-propagation -deadargelim -globaldce -mem2reg -read-loop-dep -interface-preproc -directive-preproc -interface-gen -bram-byte-enable -deadargelim -inst-simplify -dce -gvn -mem2reg -instcombine -dce -adse -loop-bound -instcombine -cfgopt -simplifycfg -loop-simplify -clean-region -io-protocol -find-region -mem2reg -bitop-raise -inst-simplify -inst-rectify -instcombine -adce -deadargelim -loop-simplify -phi-opt -bitop-raise -cfgopt -simplifycfg -strip-dead-prototypes -interface-lower -bitop-lower -intrinsic-lower -auto-function-inline -basicaa -aggrmodref-aa -globalsmodref-aa -aggr-aa -inst-simplify -simplifycfg -loop-simplify -mergereturn -inst-simplify -inst-rectify -dce -load-elim -bitop-lower -loop-rewind -pointer-simplify -dce -cfgopt -dce -bitwidth -loop-dep -read-loop-dep -dce -check-stream -norm-name -legalize -validate-dataflow -dead-allocation-elimination -cdfg-build /home/navdeep/Desktop/vlsi_4.0/vlsi_proj/solution1/.autopilot/db/a.o.2.bc -o /home/navdeep/Desktop/vlsi_4.0/vlsi_proj/solution1/.autopilot/db/a.o.3.bc -f -phase build-ssdm 
WARNING: [XFORM 203-561] 'Loop-1' (vlsi_eval4.c:4933:25) in function 'navdepp' is an infinite loop.
INFO: [HLS 200-111] Finished Architecture Synthesis Time (s): cpu = 00:00:52 ; elapsed = 00:00:53 . Memory (MB): peak = 1693.188 ; gain = 1342.199 ; free physical = 291 ; free virtual = 10033
INFO-FLOW: Finish building internal data model.
Command       opt_and_import_c done; 48.24 sec.
Command     elaborate done; 52.64 sec.
Execute     autosyn -from_csynth_design=1 
INFO: [HLS 200-10] Starting hardware synthesis ...
INFO-FLOW: Synthesizing C/C++ design ...
INFO: [HLS 200-10] Synthesizing 'navdepp' ...
Execute       ap_set_top_model navdepp 
Execute       get_model_list navdepp -filter all-wo-channel -topdown 
Execute       preproc_iomode -model navdepp 
Execute       get_model_list navdepp -filter all-wo-channel 
INFO-FLOW: Model list for configure: navdepp
INFO-FLOW: Configuring Module : navdepp ...
Execute       set_default_model navdepp 
Execute       apply_spec_resource_limit navdepp 
INFO-FLOW: Model list for preprocess: navdepp
INFO-FLOW: Preprocessing Module: navdepp ...
Execute       set_default_model navdepp 
Execute       cdfg_preprocess -model navdepp 
Execute       rtl_gen_preprocess navdepp 
INFO-FLOW: Model list for synthesis: navdepp
INFO: [HLS 200-10] ----------------------------------------------------------------
INFO: [HLS 200-42] -- Implementing module 'navdepp' 
INFO: [HLS 200-10] ----------------------------------------------------------------
Execute       set_default_model navdepp 
Execute       schedule -model navdepp 
INFO: [SCHED 204-11] Starting scheduling ...
INFO: [SCHED 204-11] Finished scheduling.
INFO: [HLS 200-111]  Elapsed time: 53.01 seconds; current allocated memory: 86.403 MB.
Execute       report -o /home/navdeep/Desktop/vlsi_4.0/vlsi_proj/solution1/.autopilot/db/navdepp.verbose.sched.rpt -verbose -f 
INFO: [HLS 200-434] Only 0 loops out of a total 1 loops have been pipelined in this design.
Execute       db_write -o /home/navdeep/Desktop/vlsi_4.0/vlsi_proj/solution1/.autopilot/db/navdepp.sched.adb -f 
INFO-FLOW: Finish scheduling navdepp.
Execute       set_default_model navdepp 
Execute       bind -model navdepp 
BIND OPTION: fu_weight=[ 0.0 -- 1.0 ]
BIND OPTION: model=navdepp
BIND OPTION: reg_weight=[ 0.0 -- 1.0 ]
INFO: [BIND 205-100] Starting micro-architecture generation ...
INFO: [BIND 205-101] Performing variable lifetime analysis.
INFO: [BIND 205-101] Exploring resource sharing.
INFO: [BIND 205-101] Binding ...
INFO: [BIND 205-100] Finished micro-architecture generation.
INFO: [HLS 200-111]  Elapsed time: 0.01 seconds; current allocated memory: 86.463 MB.
Execute       report -o /home/navdeep/Desktop/vlsi_4.0/vlsi_proj/solution1/.autopilot/db/navdepp.verbose.bind.rpt -verbose -f 
Execute       db_write -o /home/navdeep/Desktop/vlsi_4.0/vlsi_proj/solution1/.autopilot/db/navdepp.bind.adb -f 
INFO-FLOW: Finish binding navdepp.
Execute       get_model_list navdepp -filter all-wo-channel 
INFO-FLOW: Preprocessing for RTLGen ...
Execute       rtl_gen_preprocess navdepp 
INFO-FLOW: Model list for RTL generation: navdepp
INFO: [HLS 200-10] ----------------------------------------------------------------
INFO: [HLS 200-10] -- Generating RTL for module 'navdepp' 
INFO: [HLS 200-10] ----------------------------------------------------------------
Execute       get_config_rtl -prefix 
Execute       get_config_rtl -auto_prefix 
Execute       create_rtl_model navdepp -vendor xilinx -mg_file /home/navdeep/Desktop/vlsi_4.0/vlsi_proj/solution1/.autopilot/db/navdepp.compgen.tcl 
INFO: [RTGEN 206-500] Setting interface mode on port 'navdepp/conv2d_22_input_input_array' to 'ap_memory'.
INFO: [RTGEN 206-500] Setting interface mode on port 'navdepp/conv2d_22_input_input_ndim' to 'ap_none'.
INFO: [RTGEN 206-500] Setting interface mode on port 'navdepp/conv2d_22_input_input_numel' to 'ap_none'.
INFO: [RTGEN 206-500] Setting interface mode on port 'navdepp/conv2d_22_input_input_shape' to 'ap_memory'.
INFO: [RTGEN 206-500] Setting interface mode on port 'navdepp/dense_23_output_array' to 'ap_memory'.
INFO: [RTGEN 206-500] Setting interface mode on port 'navdepp/dense_23_output_ndim' to 'ap_none'.
INFO: [RTGEN 206-500] Setting interface mode on port 'navdepp/dense_23_output_numel' to 'ap_none'.
INFO: [RTGEN 206-500] Setting interface mode on port 'navdepp/dense_23_output_shape' to 'ap_memory'.
INFO: [RTGEN 206-500] Setting interface mode on function 'navdepp' to 'ap_ctrl_hs'.
WARNING: [RTGEN 206-101] Port 'navdepp/conv2d_22_input_input_array_address0' has no fanin or fanout and is left dangling.
               Please use C simulation to confirm this function argument can be read from or written to.
WARNING: [RTGEN 206-101] Setting dangling out port 'navdepp/conv2d_22_input_input_array_address0' to 0.
WARNING: [RTGEN 206-101] Port 'navdepp/conv2d_22_input_input_array_ce0' has no fanin or fanout and is left dangling.
               Please use C simulation to confirm this function argument can be read from or written to.
WARNING: [RTGEN 206-101] Setting dangling out port 'navdepp/conv2d_22_input_input_array_ce0' to 0.
WARNING: [RTGEN 206-101] Port 'navdepp/conv2d_22_input_input_array_we0' has no fanin or fanout and is left dangling.
               Please use C simulation to confirm this function argument can be read from or written to.
WARNING: [RTGEN 206-101] Setting dangling out port 'navdepp/conv2d_22_input_input_array_we0' to 0.
WARNING: [RTGEN 206-101] Port 'navdepp/conv2d_22_input_input_array_d0' has no fanin or fanout and is left dangling.
               Please use C simulation to confirm this function argument can be read from or written to.
WARNING: [RTGEN 206-101] Setting dangling out port 'navdepp/conv2d_22_input_input_array_d0' to 0.
WARNING: [RTGEN 206-101] Port 'navdepp/conv2d_22_input_input_array_q0' has no fanin or fanout and is left dangling.
               Please use C simulation to confirm this function argument can be read from or written to.
WARNING: [RTGEN 206-101] Port 'navdepp/conv2d_22_input_input_array_address1' has no fanin or fanout and is left dangling.
               Please use C simulation to confirm this function argument can be read from or written to.
WARNING: [RTGEN 206-101] Setting dangling out port 'navdepp/conv2d_22_input_input_array_address1' to 0.
WARNING: [RTGEN 206-101] Port 'navdepp/conv2d_22_input_input_array_ce1' has no fanin or fanout and is left dangling.
               Please use C simulation to confirm this function argument can be read from or written to.
WARNING: [RTGEN 206-101] Setting dangling out port 'navdepp/conv2d_22_input_input_array_ce1' to 0.
WARNING: [RTGEN 206-101] Port 'navdepp/conv2d_22_input_input_array_we1' has no fanin or fanout and is left dangling.
               Please use C simulation to confirm this function argument can be read from or written to.
WARNING: [RTGEN 206-101] Setting dangling out port 'navdepp/conv2d_22_input_input_array_we1' to 0.
WARNING: [RTGEN 206-101] Port 'navdepp/conv2d_22_input_input_array_d1' has no fanin or fanout and is left dangling.
               Please use C simulation to confirm this function argument can be read from or written to.
WARNING: [RTGEN 206-101] Setting dangling out port 'navdepp/conv2d_22_input_input_array_d1' to 0.
WARNING: [RTGEN 206-101] Port 'navdepp/conv2d_22_input_input_array_q1' has no fanin or fanout and is left dangling.
               Please use C simulation to confirm this function argument can be read from or written to.
WARNING: [RTGEN 206-101] Port 'navdepp/conv2d_22_input_input_ndim' has no fanin or fanout and is left dangling.
               Please use C simulation to confirm this function argument can be read from or written to.
WARNING: [RTGEN 206-101] Port 'navdepp/conv2d_22_input_input_numel' has no fanin or fanout and is left dangling.
               Please use C simulation to confirm this function argument can be read from or written to.
WARNING: [RTGEN 206-101] Port 'navdepp/conv2d_22_input_input_shape_address0' has no fanin or fanout and is left dangling.
               Please use C simulation to confirm this function argument can be read from or written to.
WARNING: [RTGEN 206-101] Setting dangling out port 'navdepp/conv2d_22_input_input_shape_address0' to 0.
WARNING: [RTGEN 206-101] Port 'navdepp/conv2d_22_input_input_shape_ce0' has no fanin or fanout and is left dangling.
               Please use C simulation to confirm this function argument can be read from or written to.
WARNING: [RTGEN 206-101] Setting dangling out port 'navdepp/conv2d_22_input_input_shape_ce0' to 0.
WARNING: [RTGEN 206-101] Port 'navdepp/conv2d_22_input_input_shape_we0' has no fanin or fanout and is left dangling.
               Please use C simulation to confirm this function argument can be read from or written to.
WARNING: [RTGEN 206-101] Setting dangling out port 'navdepp/conv2d_22_input_input_shape_we0' to 0.
WARNING: [RTGEN 206-101] Port 'navdepp/conv2d_22_input_input_shape_d0' has no fanin or fanout and is left dangling.
               Please use C simulation to confirm this function argument can be read from or written to.
WARNING: [RTGEN 206-101] Setting dangling out port 'navdepp/conv2d_22_input_input_shape_d0' to 0.
WARNING: [RTGEN 206-101] Port 'navdepp/conv2d_22_input_input_shape_q0' has no fanin or fanout and is left dangling.
               Please use C simulation to confirm this function argument can be read from or written to.
WARNING: [RTGEN 206-101] Port 'navdepp/conv2d_22_input_input_shape_address1' has no fanin or fanout and is left dangling.
               Please use C simulation to confirm this function argument can be read from or written to.
WARNING: [RTGEN 206-101] Setting dangling out port 'navdepp/conv2d_22_input_input_shape_address1' to 0.
WARNING: [RTGEN 206-101] Port 'navdepp/conv2d_22_input_input_shape_ce1' has no fanin or fanout and is left dangling.
               Please use C simulation to confirm this function argument can be read from or written to.
WARNING: [RTGEN 206-101] Setting dangling out port 'navdepp/conv2d_22_input_input_shape_ce1' to 0.
WARNING: [RTGEN 206-101] Port 'navdepp/conv2d_22_input_input_shape_we1' has no fanin or fanout and is left dangling.
               Please use C simulation to confirm this function argument can be read from or written to.
WARNING: [RTGEN 206-101] Setting dangling out port 'navdepp/conv2d_22_input_input_shape_we1' to 0.
WARNING: [RTGEN 206-101] Port 'navdepp/conv2d_22_input_input_shape_d1' has no fanin or fanout and is left dangling.
               Please use C simulation to confirm this function argument can be read from or written to.
WARNING: [RTGEN 206-101] Setting dangling out port 'navdepp/conv2d_22_input_input_shape_d1' to 0.
WARNING: [RTGEN 206-101] Port 'navdepp/conv2d_22_input_input_shape_q1' has no fanin or fanout and is left dangling.
               Please use C simulation to confirm this function argument can be read from or written to.
WARNING: [RTGEN 206-101] Port 'navdepp/dense_23_output_array_address0' has no fanin or fanout and is left dangling.
               Please use C simulation to confirm this function argument can be read from or written to.
WARNING: [RTGEN 206-101] Setting dangling out port 'navdepp/dense_23_output_array_address0' to 0.
WARNING: [RTGEN 206-101] Port 'navdepp/dense_23_output_array_ce0' has no fanin or fanout and is left dangling.
               Please use C simulation to confirm this function argument can be read from or written to.
WARNING: [RTGEN 206-101] Setting dangling out port 'navdepp/dense_23_output_array_ce0' to 0.
WARNING: [RTGEN 206-101] Port 'navdepp/dense_23_output_array_we0' has no fanin or fanout and is left dangling.
               Please use C simulation to confirm this function argument can be read from or written to.
WARNING: [RTGEN 206-101] Setting dangling out port 'navdepp/dense_23_output_array_we0' to 0.
WARNING: [RTGEN 206-101] Port 'navdepp/dense_23_output_array_d0' has no fanin or fanout and is left dangling.
               Please use C simulation to confirm this function argument can be read from or written to.
WARNING: [RTGEN 206-101] Setting dangling out port 'navdepp/dense_23_output_array_d0' to 0.
WARNING: [RTGEN 206-101] Port 'navdepp/dense_23_output_array_q0' has no fanin or fanout and is left dangling.
               Please use C simulation to confirm this function argument can be read from or written to.
WARNING: [RTGEN 206-101] Port 'navdepp/dense_23_output_array_address1' has no fanin or fanout and is left dangling.
               Please use C simulation to confirm this function argument can be read from or written to.
WARNING: [RTGEN 206-101] Setting dangling out port 'navdepp/dense_23_output_array_address1' to 0.
WARNING: [RTGEN 206-101] Port 'navdepp/dense_23_output_array_ce1' has no fanin or fanout and is left dangling.
               Please use C simulation to confirm this function argument can be read from or written to.
WARNING: [RTGEN 206-101] Setting dangling out port 'navdepp/dense_23_output_array_ce1' to 0.
WARNING: [RTGEN 206-101] Port 'navdepp/dense_23_output_array_we1' has no fanin or fanout and is left dangling.
               Please use C simulation to confirm this function argument can be read from or written to.
WARNING: [RTGEN 206-101] Setting dangling out port 'navdepp/dense_23_output_array_we1' to 0.
WARNING: [RTGEN 206-101] Port 'navdepp/dense_23_output_array_d1' has no fanin or fanout and is left dangling.
               Please use C simulation to confirm this function argument can be read from or written to.
WARNING: [RTGEN 206-101] Setting dangling out port 'navdepp/dense_23_output_array_d1' to 0.
WARNING: [RTGEN 206-101] Port 'navdepp/dense_23_output_array_q1' has no fanin or fanout and is left dangling.
               Please use C simulation to confirm this function argument can be read from or written to.
WARNING: [RTGEN 206-101] Port 'navdepp/dense_23_output_ndim' has no fanin or fanout and is left dangling.
               Please use C simulation to confirm this function argument can be read from or written to.
WARNING: [RTGEN 206-101] Port 'navdepp/dense_23_output_numel' has no fanin or fanout and is left dangling.
               Please use C simulation to confirm this function argument can be read from or written to.
WARNING: [RTGEN 206-101] Port 'navdepp/dense_23_output_shape_address0' has no fanin or fanout and is left dangling.
               Please use C simulation to confirm this function argument can be read from or written to.
WARNING: [RTGEN 206-101] Setting dangling out port 'navdepp/dense_23_output_shape_address0' to 0.
WARNING: [RTGEN 206-101] Port 'navdepp/dense_23_output_shape_ce0' has no fanin or fanout and is left dangling.
               Please use C simulation to confirm this function argument can be read from or written to.
WARNING: [RTGEN 206-101] Setting dangling out port 'navdepp/dense_23_output_shape_ce0' to 0.
WARNING: [RTGEN 206-101] Port 'navdepp/dense_23_output_shape_we0' has no fanin or fanout and is left dangling.
               Please use C simulation to confirm this function argument can be read from or written to.
WARNING: [RTGEN 206-101] Setting dangling out port 'navdepp/dense_23_output_shape_we0' to 0.
WARNING: [RTGEN 206-101] Port 'navdepp/dense_23_output_shape_d0' has no fanin or fanout and is left dangling.
               Please use C simulation to confirm this function argument can be read from or written to.
WARNING: [RTGEN 206-101] Setting dangling out port 'navdepp/dense_23_output_shape_d0' to 0.
WARNING: [RTGEN 206-101] Port 'navdepp/dense_23_output_shape_q0' has no fanin or fanout and is left dangling.
               Please use C simulation to confirm this function argument can be read from or written to.
WARNING: [RTGEN 206-101] Port 'navdepp/dense_23_output_shape_address1' has no fanin or fanout and is left dangling.
               Please use C simulation to confirm this function argument can be read from or written to.
WARNING: [RTGEN 206-101] Setting dangling out port 'navdepp/dense_23_output_shape_address1' to 0.
WARNING: [RTGEN 206-101] Port 'navdepp/dense_23_output_shape_ce1' has no fanin or fanout and is left dangling.
               Please use C simulation to confirm this function argument can be read from or written to.
WARNING: [RTGEN 206-101] Setting dangling out port 'navdepp/dense_23_output_shape_ce1' to 0.
WARNING: [RTGEN 206-101] Port 'navdepp/dense_23_output_shape_we1' has no fanin or fanout and is left dangling.
               Please use C simulation to confirm this function argument can be read from or written to.
WARNING: [RTGEN 206-101] Setting dangling out port 'navdepp/dense_23_output_shape_we1' to 0.
WARNING: [RTGEN 206-101] Port 'navdepp/dense_23_output_shape_d1' has no fanin or fanout and is left dangling.
               Please use C simulation to confirm this function argument can be read from or written to.
WARNING: [RTGEN 206-101] Setting dangling out port 'navdepp/dense_23_output_shape_d1' to 0.
WARNING: [RTGEN 206-101] Port 'navdepp/dense_23_output_shape_q1' has no fanin or fanout and is left dangling.
               Please use C simulation to confirm this function argument can be read from or written to.
INFO: [RTGEN 206-100] Finished creating RTL model for 'navdepp'.
Command       create_rtl_model done; 0.7 sec.
INFO: [HLS 200-111]  Elapsed time: 0.71 seconds; current allocated memory: 86.747 MB.
Execute       source /home/navdeep/Desktop/vlsi_4.0/vlsi_proj/solution1/.autopilot/db/navdepp.rtl_wrap.cfg.tcl 
Execute       gen_rtl navdepp -istop -style xilinx -tracefl mytrace -tracefmt vcd -traceopt all -f -lang sc -o /home/navdeep/Desktop/vlsi_4.0/vlsi_proj/solution1/syn/systemc/navdepp -synmodules navdepp 
Execute       gen_rtl navdepp -istop -style xilinx -f -lang vhdl -o /home/navdeep/Desktop/vlsi_4.0/vlsi_proj/solution1/syn/vhdl/navdepp 
Execute       gen_rtl navdepp -istop -style xilinx -f -lang vlog -o /home/navdeep/Desktop/vlsi_4.0/vlsi_proj/solution1/syn/verilog/navdepp 
Execute       export_constraint_db -o /home/navdeep/Desktop/vlsi_4.0/vlsi_proj/solution1/.autopilot/db/navdepp.constraint.tcl -f -tool general 
Execute       report -model navdepp -o /home/navdeep/Desktop/vlsi_4.0/vlsi_proj/solution1/.autopilot/db/navdepp.design.xml -verbose -f -dv 
Execute       report -model navdepp -o /home/navdeep/Desktop/vlsi_4.0/vlsi_proj/solution1/.autopilot/db/navdepp.sdaccel.xml -verbose -f -sdaccel 
Execute       gen_tb_info navdepp -o /home/navdeep/Desktop/vlsi_4.0/vlsi_proj/solution1/.autopilot/db/navdepp -p /home/navdeep/Desktop/vlsi_4.0/vlsi_proj/solution1/.autopilot/db 
Execute       report -model navdepp -o /home/navdeep/Desktop/vlsi_4.0/vlsi_proj/solution1/syn/report/navdepp_csynth.rpt -f 
Execute       report -model navdepp -o /home/navdeep/Desktop/vlsi_4.0/vlsi_proj/solution1/syn/report/navdepp_csynth.xml -f -x 
Execute       report -model navdepp -o /home/navdeep/Desktop/vlsi_4.0/vlsi_proj/solution1/.autopilot/db/navdepp.verbose.rpt -verbose -f 
Execute       db_write -model navdepp -o /home/navdeep/Desktop/vlsi_4.0/vlsi_proj/solution1/.autopilot/db/navdepp.adb -f 
Execute       sc_get_clocks navdepp 
Execute       sc_get_portdomain navdepp 
INFO-FLOW: Model list for RTL component generation: navdepp
INFO-FLOW: Handling components in module [navdepp] ... 
Execute       source /home/navdeep/Desktop/vlsi_4.0/vlsi_proj/solution1/.autopilot/db/navdepp.compgen.tcl 
INFO-FLOW: Append model navdepp
INFO-FLOW: Generating RTL model list ...
INFO-FLOW: All models in this session: navdepp
INFO-FLOW: To file: write model navdepp
INFO-FLOW: Finished generating RTL model list.


INFO-FLOW: RTL Generation done.
INFO-FLOW: CAS Generation done.
INFO-FLOW: CBC Generation done.
Execute       get_config_sdx -target 
Execute       source /home/navdeep/Desktop/vlsi_4.0/vlsi_proj/solution1/.autopilot/db/global.setting.tcl 
Execute       source /home/navdeep/Vivado/2018.2/common/technology/generic/autopilot/common.gen 
Execute         source /home/navdeep/Vivado/2018.2/common/technology/generic/autopilot/APCoreGen.gen 
Execute       source /home/navdeep/Vivado/2018.2/common/technology/generic/autopilot/op.gen 
Execute       source /home/navdeep/Vivado/2018.2/common/technology/generic/autopilot/op_simcore.gen 
Execute       source /home/navdeep/Vivado/2018.2/common/technology/generic/autopilot/interface.gen 
Execute       source /home/navdeep/Desktop/vlsi_4.0/vlsi_proj/solution1/.autopilot/db/global.setting.tcl 
Execute       source /home/navdeep/Vivado/2018.2/common/technology/xilinx/aartix7/aartix7.gen 
Execute         source /home/navdeep/Vivado/2018.2/common/technology/xilinx/common/virtex.gen 
Execute           source /home/navdeep/Vivado/2018.2/common/technology/xilinx/common/xilinx.gen 
Execute             source /home/navdeep/Vivado/2018.2/common/technology/xilinx/interface/plb46.gen 
Execute             source /home/navdeep/Vivado/2018.2/common/technology/xilinx/interface/fsl.gen 
Execute             source /home/navdeep/Vivado/2018.2/common/technology/xilinx/interface/axi4.gen 
Execute             source /home/navdeep/Vivado/2018.2/common/technology/xilinx/interface/nativeAXI4.gen 
Execute               source /home/navdeep/Vivado/2018.2/common/technology/xilinx/interface/saxilite.gen 
Execute               source /home/navdeep/Vivado/2018.2/common/technology/xilinx/interface/maxi.gen 
Execute             source /home/navdeep/Vivado/2018.2/common/technology/xilinx/scripts/xilinxcoregen.gen 
Execute             source /home/navdeep/Vivado/2018.2/common/technology/xilinx/interface/XilEDKCoreGen.gen 
Execute             source /home/navdeep/Vivado/2018.2/common/technology/xilinx/ip/dds_compiler.gen 
Execute             source /home/navdeep/Vivado/2018.2/common/technology/xilinx/ip/util.gen 
Execute             source /home/navdeep/Vivado/2018.2/common/technology/xilinx/ip/xfft.gen 
Execute             source /home/navdeep/Vivado/2018.2/common/technology/xilinx/ip/xfir.gen 
Execute           source /home/navdeep/Vivado/2018.2/common/technology/xilinx/common/dsp48.gen 
Execute       source /home/navdeep/Vivado/2018.2/common/technology/xilinx/aartix7/aartix7_fpv6.gen 
Execute         source /home/navdeep/Vivado/2018.2/common/technology/xilinx/common/xilinx_fpv6.gen 
Execute       source /home/navdeep/Desktop/vlsi_4.0/vlsi_proj/solution1/.autopilot/db/global.setting.tcl 
Execute       source /home/navdeep/Desktop/vlsi_4.0/vlsi_proj/solution1/.autopilot/db/global.setting.tcl 
Execute       source /home/navdeep/Desktop/vlsi_4.0/vlsi_proj/solution1/.autopilot/db/global.setting.tcl 
Execute       source /home/navdeep/Desktop/vlsi_4.0/vlsi_proj/solution1/.autopilot/db/navdepp.compgen.tcl 
Execute       get_config_sdx -target 
Execute       source /home/navdeep/Desktop/vlsi_4.0/vlsi_proj/solution1/.autopilot/db/global.setting.tcl 
Execute       source /home/navdeep/Vivado/2018.2/common/technology/generic/autopilot/common.gen 
Execute         source /home/navdeep/Vivado/2018.2/common/technology/generic/autopilot/APCoreGen.gen 
Execute       source /home/navdeep/Vivado/2018.2/common/technology/generic/autopilot/op.gen 
Execute       source /home/navdeep/Vivado/2018.2/common/technology/generic/autopilot/op_simcore.gen 
Execute       source /home/navdeep/Vivado/2018.2/common/technology/generic/autopilot/interface.gen 
Execute       source /home/navdeep/Desktop/vlsi_4.0/vlsi_proj/solution1/.autopilot/db/global.setting.tcl 
Execute       source /home/navdeep/Vivado/2018.2/common/technology/xilinx/aartix7/aartix7.gen 
Execute         source /home/navdeep/Vivado/2018.2/common/technology/xilinx/common/virtex.gen 
Execute           source /home/navdeep/Vivado/2018.2/common/technology/xilinx/common/xilinx.gen 
Execute             source /home/navdeep/Vivado/2018.2/common/technology/xilinx/interface/plb46.gen 
Execute             source /home/navdeep/Vivado/2018.2/common/technology/xilinx/interface/fsl.gen 
Execute             source /home/navdeep/Vivado/2018.2/common/technology/xilinx/interface/axi4.gen 
Execute             source /home/navdeep/Vivado/2018.2/common/technology/xilinx/interface/nativeAXI4.gen 
Execute               source /home/navdeep/Vivado/2018.2/common/technology/xilinx/interface/saxilite.gen 
Execute               source /home/navdeep/Vivado/2018.2/common/technology/xilinx/interface/maxi.gen 
Execute             source /home/navdeep/Vivado/2018.2/common/technology/xilinx/scripts/xilinxcoregen.gen 
Execute             source /home/navdeep/Vivado/2018.2/common/technology/xilinx/interface/XilEDKCoreGen.gen 
Execute             source /home/navdeep/Vivado/2018.2/common/technology/xilinx/ip/dds_compiler.gen 
Execute             source /home/navdeep/Vivado/2018.2/common/technology/xilinx/ip/util.gen 
Execute             source /home/navdeep/Vivado/2018.2/common/technology/xilinx/ip/xfft.gen 
Execute             source /home/navdeep/Vivado/2018.2/common/technology/xilinx/ip/xfir.gen 
Execute           source /home/navdeep/Vivado/2018.2/common/technology/xilinx/common/dsp48.gen 
Execute       source /home/navdeep/Vivado/2018.2/common/technology/xilinx/aartix7/aartix7_fpv6.gen 
Execute         source /home/navdeep/Vivado/2018.2/common/technology/xilinx/common/xilinx_fpv6.gen 
Execute       source /home/navdeep/Desktop/vlsi_4.0/vlsi_proj/solution1/.autopilot/db/navdepp.rtl_wrap.cfg.tcl 
Execute       source /home/navdeep/Desktop/vlsi_4.0/vlsi_proj/solution1/.autopilot/db/navdepp.rtl_wrap.cfg.tcl 
Execute       source /home/navdeep/Desktop/vlsi_4.0/vlsi_proj/solution1/.autopilot/db/navdepp.rtl_wrap.cfg.tcl 
Execute       source /home/navdeep/Desktop/vlsi_4.0/vlsi_proj/solution1/.autopilot/db/navdepp.tbgen.tcl 
Execute       source /home/navdeep/Desktop/vlsi_4.0/vlsi_proj/solution1/.autopilot/db/navdepp.tbgen.tcl 
Execute       source /home/navdeep/Desktop/vlsi_4.0/vlsi_proj/solution1/.autopilot/db/global.setting.tcl 
Execute       source /home/navdeep/Desktop/vlsi_4.0/vlsi_proj/solution1/.autopilot/db/navdepp.compgen.tcl 
Execute       source /home/navdeep/Desktop/vlsi_4.0/vlsi_proj/solution1/.autopilot/db/global.setting.tcl 
Execute       source /home/navdeep/Desktop/vlsi_4.0/vlsi_proj/solution1/.autopilot/db/navdepp.compgen.tcl 
Execute       source /home/navdeep/Desktop/vlsi_4.0/vlsi_proj/solution1/.autopilot/db/global.setting.tcl 
Execute       source /home/navdeep/Desktop/vlsi_4.0/vlsi_proj/solution1/.autopilot/db/navdepp.compgen.tcl 
Execute       source /home/navdeep/Desktop/vlsi_4.0/vlsi_proj/solution1/.autopilot/db/global.setting.tcl 
Execute       source /home/navdeep/Desktop/vlsi_4.0/vlsi_proj/solution1/.autopilot/db/navdepp.constraint.tcl 
Execute       source /home/navdeep/Desktop/vlsi_4.0/vlsi_proj/solution1/.autopilot/db/navdepp.tbgen.tcl 
Execute       source /home/navdeep/Desktop/vlsi_4.0/vlsi_proj/solution1/.autopilot/db/global.setting.tcl 
Execute       source /home/navdeep/Desktop/vlsi_4.0/vlsi_proj/solution1/.autopilot/db/global.setting.tcl 
Execute       source /home/navdeep/Desktop/vlsi_4.0/vlsi_proj/solution1/.autopilot/db/global.setting.tcl 
Execute       source /home/navdeep/Desktop/vlsi_4.0/vlsi_proj/solution1/.autopilot/db/navdepp.tbgen.tcl 
Execute       source /home/navdeep/Desktop/vlsi_4.0/vlsi_proj/solution1/.autopilot/db/navdepp.tbgen.tcl 
Execute       source /home/navdeep/Desktop/vlsi_4.0/vlsi_proj/solution1/.autopilot/db/navdepp.tbgen.tcl 
Execute       source /home/navdeep/Desktop/vlsi_4.0/vlsi_proj/solution1/.autopilot/db/navdepp.tbgen.tcl 
Execute       source /home/navdeep/Desktop/vlsi_4.0/vlsi_proj/solution1/.autopilot/db/navdepp.tbgen.tcl 
Execute       source /home/navdeep/Desktop/vlsi_4.0/vlsi_proj/solution1/.autopilot/db/navdepp.tbgen.tcl 
Execute       source /home/navdeep/Desktop/vlsi_4.0/vlsi_proj/solution1/.autopilot/db/navdepp.tbgen.tcl 
Execute       source /home/navdeep/Desktop/vlsi_4.0/vlsi_proj/solution1/.autopilot/db/navdepp.tbgen.tcl 
Execute       source /home/navdeep/Desktop/vlsi_4.0/vlsi_proj/solution1/.autopilot/db/navdepp.tbgen.tcl 
Execute       source /home/navdeep/Desktop/vlsi_4.0/vlsi_proj/solution1/.autopilot/db/global.setting.tcl 
Execute       source /home/navdeep/Desktop/vlsi_4.0/vlsi_proj/solution1/.autopilot/db/navdepp.constraint.tcl 
Execute       sc_get_clocks navdepp 
Execute       source /home/navdeep/Desktop/vlsi_4.0/vlsi_proj/solution1/.autopilot/db/global.setting.tcl 
Execute       get_config_sdx -target 
Execute       get_config_sdx -profile 
Execute       ::config_rtl 
INFO: [HLS 200-111] Finished generating all RTL models Time (s): cpu = 00:00:53 ; elapsed = 00:00:54 . Memory (MB): peak = 1693.188 ; gain = 1342.199 ; free physical = 1134 ; free virtual = 10465
INFO: [SYSC 207-301] Generating SystemC RTL for navdepp.
INFO: [VHDL 208-304] Generating VHDL RTL for navdepp.
INFO: [VLOG 209-307] Generating Verilog RTL for navdepp.
Command     autosyn done; 1.06 sec.
Command   csynth_design done; 53.71 sec.
Command ap_source done; 53.92 sec.
Execute cleanup_all 
INFO-FLOW: Workspace /home/navdeep/Desktop/vlsi_4.0/vlsi_proj/solution1 opened at Wed Apr 17 17:53:28 IST 2024
Execute     config_clock -quiet -name default -period 10 -default=false 
INFO: [SYN 201-201] Setting up clock 'default' with a period of 10ns.
Execute     open_platform DefaultPlatform 
Execute     import_lib /home/navdeep/Vivado/2018.2/common/technology/xilinx/aartix7/aartix7 
Execute       source /home/navdeep/Vivado/2018.2/common/technology/xilinx/common/xilinx.lib 
Execute         source /home/navdeep/Vivado/2018.2/common/technology/xilinx/interface/xilinx_interface.lib 
Execute           source /home/navdeep/Vivado/2018.2/common/technology/xilinx/interface/plb46.lib 
Execute           source /home/navdeep/Vivado/2018.2/common/technology/xilinx/interface/fsl.lib 
Execute           source /home/navdeep/Vivado/2018.2/common/technology/xilinx/interface/axi4.lib 
Execute           source /home/navdeep/Vivado/2018.2/common/technology/xilinx/interface/maxi.lib 
Execute           source /home/navdeep/Vivado/2018.2/common/technology/xilinx/interface/saxilite.lib 
Execute         source /home/navdeep/Vivado/2018.2/common/technology/xilinx/common/dsp48.lib 
Execute         source /home/navdeep/Vivado/2018.2/common/technology/xilinx/ip/xfft.lib 
Execute         source /home/navdeep/Vivado/2018.2/common/technology/xilinx/ip/dds_compiler.lib 
Execute         source /home/navdeep/Vivado/2018.2/common/technology/xilinx/ip/xfir.lib 
Execute       source /home/navdeep/Vivado/2018.2/common/technology/xilinx/common/xilinx_old.lib 
Execute       source /home/navdeep/Vivado/2018.2/common/technology/xilinx/common/xilinx_vivado.lib 
Execute       source /home/navdeep/Vivado/2018.2/common/technology/xilinx/common/xilinx.hlp 
Execute         source /home/navdeep/Vivado/2018.2/common/technology/xilinx/common/target_info.tcl 
Execute         source /home/navdeep/Vivado/2018.2/common/technology/xilinx/interface/xilinx_interface.hlp 
Execute           source /home/navdeep/Vivado/2018.2/common/technology/xilinx/interface/maxi.hlp 
Execute           source /home/navdeep/Vivado/2018.2/common/technology/xilinx/interface/saxilite.hlp 
Execute         source /home/navdeep/Vivado/2018.2/common/technology/xilinx/common/dsp48.hlp 
Execute       source /home/navdeep/Vivado/2018.2/common/technology/xilinx/aartix7/dsp48e1.hlp 
Execute       get_default_platform 
Execute       config_chip_info -quiet -resource  {SLICE 15850} {LUT 63400}     {FF 126800} {DSP48E 240}    {BRAM 270}  
Execute       config_chip_info -quiet -speed medium 
Execute       source /home/navdeep/Vivado/2018.2/common/technology/xilinx/common/xilinx.hlp 
Execute         source /home/navdeep/Vivado/2018.2/common/technology/xilinx/common/target_info.tcl 
Execute         source /home/navdeep/Vivado/2018.2/common/technology/xilinx/interface/xilinx_interface.hlp 
Execute           source /home/navdeep/Vivado/2018.2/common/technology/xilinx/interface/maxi.hlp 
Execute           source /home/navdeep/Vivado/2018.2/common/technology/xilinx/interface/saxilite.hlp 
Execute         source /home/navdeep/Vivado/2018.2/common/technology/xilinx/common/dsp48.hlp 
Execute     source /home/navdeep/Vivado/2018.2/common/technology/xilinx/aartix7/aartix7.gen 
Execute       source /home/navdeep/Vivado/2018.2/common/technology/xilinx/common/virtex.gen 
Execute         source /home/navdeep/Vivado/2018.2/common/technology/xilinx/common/xilinx.gen 
Execute           source /home/navdeep/Vivado/2018.2/common/technology/xilinx/interface/plb46.gen 
Execute           source /home/navdeep/Vivado/2018.2/common/technology/xilinx/interface/fsl.gen 
Execute           source /home/navdeep/Vivado/2018.2/common/technology/xilinx/interface/axi4.gen 
Execute           source /home/navdeep/Vivado/2018.2/common/technology/xilinx/interface/nativeAXI4.gen 
Execute             source /home/navdeep/Vivado/2018.2/common/technology/xilinx/interface/saxilite.gen 
Execute             source /home/navdeep/Vivado/2018.2/common/technology/xilinx/interface/maxi.gen 
Execute           source /home/navdeep/Vivado/2018.2/common/technology/xilinx/scripts/xilinxcoregen.gen 
Execute           source /home/navdeep/Vivado/2018.2/common/technology/xilinx/interface/XilEDKCoreGen.gen 
Execute           source /home/navdeep/Vivado/2018.2/common/technology/xilinx/ip/dds_compiler.gen 
Execute           source /home/navdeep/Vivado/2018.2/common/technology/xilinx/ip/util.gen 
Execute           source /home/navdeep/Vivado/2018.2/common/technology/xilinx/ip/xfft.gen 
Execute           source /home/navdeep/Vivado/2018.2/common/technology/xilinx/ip/xfir.gen 
Execute         source /home/navdeep/Vivado/2018.2/common/technology/xilinx/common/dsp48.gen 
Execute     open_platform DefaultPlatform 
Execute     import_lib /home/navdeep/Vivado/2018.2/common/technology/xilinx/aartix7/aartix7_fpv6 
Execute       source /home/navdeep/Vivado/2018.2/common/technology/xilinx/common/xilinx_fpv7.lib 
Execute         source /home/navdeep/Vivado/2018.2/common/technology/xilinx/common/xilinx_hp.lib 
Execute       source /home/navdeep/Vivado/2018.2/common/technology/xilinx/common/xilinx_fpv.hlp 
Execute         source /home/navdeep/Vivado/2018.2/common/technology/xilinx/common/xilinx.hlp 
Execute           source /home/navdeep/Vivado/2018.2/common/technology/xilinx/common/target_info.tcl 
Execute           source /home/navdeep/Vivado/2018.2/common/technology/xilinx/interface/xilinx_interface.hlp 
Execute             source /home/navdeep/Vivado/2018.2/common/technology/xilinx/interface/maxi.hlp 
Execute             source /home/navdeep/Vivado/2018.2/common/technology/xilinx/interface/saxilite.hlp 
Execute           source /home/navdeep/Vivado/2018.2/common/technology/xilinx/common/dsp48.hlp 
Execute       source /home/navdeep/Vivado/2018.2/common/technology/xilinx/aartix7/aartix7_hp.hlp 
Execute     source /home/navdeep/Vivado/2018.2/common/technology/xilinx/aartix7/aartix7_fpv6.gen 
Execute       source /home/navdeep/Vivado/2018.2/common/technology/xilinx/common/xilinx_fpv6.gen 
Execute     set_part xa7a12tcsg325-1q 
Execute       add_library xilinx/aartix7/aartix7:xa7a12t:csg325:-1q 
Execute         get_default_platform 
Execute         license_isbetapart xa7a12t 
Command         license_isbetapart done; error code: 1; 
Execute         get_default_platform 
Execute         config_chip_info -quiet -resource  {SLICE 2000}  {LUT 8000}      {FF 16000}  {DSP48E 40}     {BRAM 40}  
Execute         config_chip_info -quiet -speed slow 
Execute       add_library xilinx/aartix7/aartix7_fpv6 
Execute         get_default_platform 
INFO: [HLS 200-10] Setting target device to 'xa7a12tcsg325-1q'
Execute       get_default_platform 
Execute     get_default_platform 
Execute     config_chip_info -quiet -resource  {SLICE 2000}  {LUT 8000}      {FF 16000}  {DSP48E 40}     {BRAM 40}  
Execute     config_chip_info -quiet -speed slow 
Command   open_solution done; 0.2 sec.
Execute   cosim_design -trace_level all -rtl vhdl 
Execute     source /home/navdeep/Desktop/vlsi_4.0/vlsi_proj/solution1/.autopilot/db/global.setting.tcl 
Execute     source /home/navdeep/Desktop/vlsi_4.0/vlsi_proj/solution1/.autopilot/db/global.setting.tcl 
Execute     source /home/navdeep/Desktop/vlsi_4.0/vlsi_proj/solution1/.autopilot/db/global.setting.tcl 
Execute     source /home/navdeep/Vivado/2018.2/common/technology/generic/autopilot/common.gen 
Execute       source /home/navdeep/Vivado/2018.2/common/technology/generic/autopilot/APCoreGen.gen 
Execute     source /home/navdeep/Vivado/2018.2/common/technology/generic/autopilot/op.gen 
Execute     source /home/navdeep/Vivado/2018.2/common/technology/generic/autopilot/op_simcore.gen 
Execute     source /home/navdeep/Vivado/2018.2/common/technology/generic/autopilot/interface.gen 
Execute     source /home/navdeep/Desktop/vlsi_4.0/vlsi_proj/solution1/.autopilot/db/global.setting.tcl 
Execute     source /home/navdeep/Vivado/2018.2/common/technology/xilinx/aartix7/aartix7.gen 
Execute       source /home/navdeep/Vivado/2018.2/common/technology/xilinx/common/virtex.gen 
Execute         source /home/navdeep/Vivado/2018.2/common/technology/xilinx/common/xilinx.gen 
Execute           source /home/navdeep/Vivado/2018.2/common/technology/xilinx/interface/plb46.gen 
Execute           source /home/navdeep/Vivado/2018.2/common/technology/xilinx/interface/fsl.gen 
Execute           source /home/navdeep/Vivado/2018.2/common/technology/xilinx/interface/axi4.gen 
Execute           source /home/navdeep/Vivado/2018.2/common/technology/xilinx/interface/nativeAXI4.gen 
Execute             source /home/navdeep/Vivado/2018.2/common/technology/xilinx/interface/saxilite.gen 
Execute             source /home/navdeep/Vivado/2018.2/common/technology/xilinx/interface/maxi.gen 
Execute           source /home/navdeep/Vivado/2018.2/common/technology/xilinx/scripts/xilinxcoregen.gen 
Execute           source /home/navdeep/Vivado/2018.2/common/technology/xilinx/interface/XilEDKCoreGen.gen 
Execute           source /home/navdeep/Vivado/2018.2/common/technology/xilinx/ip/dds_compiler.gen 
Execute           source /home/navdeep/Vivado/2018.2/common/technology/xilinx/ip/util.gen 
Execute           source /home/navdeep/Vivado/2018.2/common/technology/xilinx/ip/xfft.gen 
Execute           source /home/navdeep/Vivado/2018.2/common/technology/xilinx/ip/xfir.gen 
Execute         source /home/navdeep/Vivado/2018.2/common/technology/xilinx/common/dsp48.gen 
Execute     source /home/navdeep/Vivado/2018.2/common/technology/xilinx/aartix7/aartix7_fpv6.gen 
Execute       source /home/navdeep/Vivado/2018.2/common/technology/xilinx/common/xilinx_fpv6.gen 
Execute     source /home/navdeep/Desktop/vlsi_4.0/vlsi_proj/solution1/.autopilot/db/global.setting.tcl 
Execute     source /home/navdeep/Desktop/vlsi_4.0/vlsi_proj/solution1/.autopilot/db/navdepp.rtl_wrap.cfg.tcl 
Execute     source /home/navdeep/Desktop/vlsi_4.0/vlsi_proj/solution1/.autopilot/db/navdepp.tbgen.tcl 
Execute     is_encrypted /home/navdeep/Desktop/vlsi_4.0/vlsi_eval4_test_suite.c 
Execute     is_encrypted /home/navdeep/Desktop/vlsi_4.0/vlsi_eval4.h 
Execute     is_encrypted /home/navdeep/Desktop/vlsi_4.0/vlsi_eval4.c 
Execute     source /home/navdeep/Desktop/vlsi_4.0/vlsi_proj/solution1/.autopilot/db/navdepp.tbgen.tcl 
Execute     source /home/navdeep/Desktop/vlsi_4.0/vlsi_proj/solution1/.autopilot/db/navdepp.tbgen.tcl 
INFO: [COSIM 212-47] Using XSIM for RTL simulation.
INFO: [COSIM 212-14] Instrumenting C test bench ...
Execute     get_default_platform 
INFO-FLOW: TB processing: /home/navdeep/Desktop/vlsi_4.0/vlsi_eval4_test_suite.c /home/navdeep/Desktop/vlsi_4.0/vlsi_proj/solution1/./sim/autowrap/testbench/vlsi_eval4_test_suite.c_pre.c
INFO-FLOW: Marker-Pragma convertor: /home/navdeep/Desktop/vlsi_4.0/vlsi_proj/solution1/./sim/autowrap/testbench/vlsi_eval4_test_suite.c_pre.c /home/navdeep/Desktop/vlsi_4.0/vlsi_proj/solution1/./sim/autowrap/testbench/vlsi_eval4_test_suite.c_pre.c.line.c ./sim/autowrap/testbench/line.tmp 1
INFO-FLOW: Converting Markers to Pragmas...
INFO-FLOW: Marker-Pragma convertor: ./sim/autowrap/testbench/vlsi_eval4_test_suite.c_pre.c.tb.c.line ./sim/autowrap/testbench/vlsi_eval4_test_suite.c_pre.c.tb.c ./sim/autowrap/testbench/line.tmp 0
INFO-FLOW: Converting Pragmas to Markers...
Execute     get_default_platform 
INFO-FLOW: TB processing: /home/navdeep/Desktop/vlsi_4.0/vlsi_eval4.c /home/navdeep/Desktop/vlsi_4.0/vlsi_proj/solution1/./sim/autowrap/testbench/vlsi_eval4.c_pre.c
INFO-FLOW: Marker-Pragma convertor: /home/navdeep/Desktop/vlsi_4.0/vlsi_proj/solution1/./sim/autowrap/testbench/vlsi_eval4.c_pre.c /home/navdeep/Desktop/vlsi_4.0/vlsi_proj/solution1/./sim/autowrap/testbench/vlsi_eval4.c_pre.c.line.c ./sim/autowrap/testbench/line.tmp 1
INFO-FLOW: Converting Markers to Pragmas...
INFO-FLOW: Marker-Pragma convertor: ./sim/autowrap/testbench/vlsi_eval4.c_pre.c.tb.c.line ./sim/autowrap/testbench/vlsi_eval4.c_pre.c.tb.c ./sim/autowrap/testbench/line.tmp 0
INFO-FLOW: Converting Pragmas to Markers...
Execute     source /home/navdeep/Desktop/vlsi_4.0/vlsi_proj/solution1/./sim/autowrap/testbench/tb.status.tcl 
Execute     source /home/navdeep/Desktop/vlsi_4.0/vlsi_proj/solution1/.autopilot/db/global.setting.tcl 
Execute     source /home/navdeep/Desktop/vlsi_4.0/vlsi_proj/solution1/.autopilot/db/navdepp.rtl_wrap.cfg.tcl 
Execute     source /home/navdeep/Desktop/vlsi_4.0/vlsi_proj/solution1/.autopilot/db/navdepp.rtl_wrap.cfg.tcl 
Execute     source /home/navdeep/Desktop/vlsi_4.0/vlsi_proj/solution1/.autopilot/db/navdepp.rtl_wrap.cfg.tcl 
Execute     source /home/navdeep/Desktop/vlsi_4.0/vlsi_proj/solution1/.autopilot/db/navdepp.tbgen.tcl 
Execute     source /home/navdeep/Desktop/vlsi_4.0/vlsi_proj/solution1/.autopilot/db/navdepp.tbgen.tcl 
Execute     get_default_platform 
Execute     source /home/navdeep/Desktop/vlsi_4.0/vlsi_proj/solution1/.autopilot/db/navdepp.rtl_wrap.cfg.tcl 
ERROR: [COSIM 212-317] C++ compile error.
ERROR: [COSIM 212-321] EXE file generate failed.
ERROR: [COSIM 212-321] EXE file generate failed.
ERROR: [COSIM 212-331] Aborting co-simulation: C simulation failed, compilation errors.
Command   cosim_design done; error code: 2; 5.4 sec.
Command ap_source done; error code: 1; 5.6 sec.
Execute cleanup_all 
