==============================================================
File generated by Vivado(TM) HLS - High-Level Synthesis from C, C++ and SystemC
Version: 2018.2
Copyright (C) 1986-2018 Xilinx, Inc. All Rights Reserved.

==============================================================

==============================================================
File generated by Vivado(TM) HLS - High-Level Synthesis from C, C++ and SystemC
Version: 2018.2
Copyright (C) 1986-2018 Xilinx, Inc. All Rights Reserved.

==============================================================

==============================================================
File generated by Vivado(TM) HLS - High-Level Synthesis from C, C++ and SystemC
Version: 2018.2
Copyright (C) 1986-2018 Xilinx, Inc. All Rights Reserved.

==============================================================

==============================================================
File generated by Vivado(TM) HLS - High-Level Synthesis from C, C++ and SystemC
Version: 2018.2
Copyright (C) 1986-2018 Xilinx, Inc. All Rights Reserved.

==============================================================

==============================================================
File generated by Vivado(TM) HLS - High-Level Synthesis from C, C++ and SystemC
Version: 2018.2
Copyright (C) 1986-2018 Xilinx, Inc. All Rights Reserved.

==============================================================

==============================================================
File generated by Vivado(TM) HLS - High-Level Synthesis from C, C++ and SystemC
Version: 2018.2
Copyright (C) 1986-2018 Xilinx, Inc. All Rights Reserved.

==============================================================

==============================================================
File generated by Vivado(TM) HLS - High-Level Synthesis from C, C++ and SystemC
Version: 2018.2
Copyright (C) 1986-2018 Xilinx, Inc. All Rights Reserved.

==============================================================

==============================================================
File generated by Vivado(TM) HLS - High-Level Synthesis from C, C++ and SystemC
Version: 2018.2
Copyright (C) 1986-2018 Xilinx, Inc. All Rights Reserved.

==============================================================

==============================================================
File generated by Vivado(TM) HLS - High-Level Synthesis from C, C++ and SystemC
Version: 2018.2
Copyright (C) 1986-2018 Xilinx, Inc. All Rights Reserved.

==============================================================

INFO: [SYN 201-201] Setting up clock 'default' with a period of 10ns.
INFO: [HLS 200-10] Setting target device to 'xa7a12tcsg325-1q'
INFO: [SYN 201-201] Setting up clock 'default' with a period of 10ns.
INFO: [HLS 200-10] Analyzing design file 'vlsi_eval4.c' ... 
WARNING: [HLS 200-40] In file included from vlsi_eval4.c:1:
vlsi_eval4.c:3840:2: warning: implicit conversion turns literal floating-point number into integer: 'float' to 'int' [-Wliteral-conversion]
+6.09136000e-03f,-9.43646883e-04f,-4.22003010e-04f,+1.99409528e-03f,+4.18979768e-03f,
 ^~~~~~~~~~~~~~~
vlsi_eval4.c:3840:19: warning: implicit conversion turns literal floating-point number into integer: 'float' to 'int' [-Wliteral-conversion]
+6.09136000e-03f,-9.43646883e-04f,-4.22003010e-04f,+1.99409528e-03f,+4.18979768e-03f,
                  ^~~~~~~~~~~~~~~
vlsi_eval4.c:3840:36: warning: implicit conversion turns literal floating-point number into integer: 'float' to 'int' [-Wliteral-conversion]
+6.09136000e-03f,-9.43646883e-04f,-4.22003010e-04f,+1.99409528e-03f,+4.18979768e-03f,
                                   ^~~~~~~~~~~~~~~
vlsi_eval4.c:3840:53: warning: implicit conversion turns literal floating-point number into integer: 'float' to 'int' [-Wliteral-conversion]
+6.09136000e-03f,-9.43646883e-04f,-4.22003010e-04f,+1.99409528e-03f,+4.18979768e-03f,
                                                    ^~~~~~~~~~~~~~~
vlsi_eval4.c:3840:70: warning: implicit conversion turns literal floating-point number into integer: 'float' to 'int' [-Wliteral-conversion]
+6.09136000e-03f,-9.43646883e-04f,-4.22003010e-04f,+1.99409528e-03f,+4.18979768e-03f,
                                                                     ^~~~~~~~~~~~~~~
vlsi_eval4.c:3841:2: warning: implicit conversion turns literal floating-point number into integer: 'float' to 'int' [-Wliteral-conversion]
+3.96934897e-03f,-8.57431907e-03f,+1.17801916e-04f,+0.00000000e+00f,-2.35763052e-03f,
 ^~~~~~~~~~~~~~~
vlsi_eval4.c:3841:19: warning: implicit conversion turns literal floating-point number into integer: 'float' to 'int' [-Wliteral-conversion]
+3.96934897e-03f,-8.57431907e-03f,+1.17801916e-04f,+0.00000000e+00f,-2.35763052e-03f,
                  ^~~~~~~~~~~~~~~
vlsi_eval4.c:3841:36: warning: implicit conversion turns literal floating-point number into integer: 'float' to 'int' [-Wliteral-conversion]
+3.96934897e-03f,-8.57431907e-03f,+1.17801916e-04f,+0.00000000e+00f,-2.35763052e-03f,
                                   ^~~~~~~~~~~~~~~
vlsi_eval4.c:3841:70: warning: implicit conversion turns literal floating-point number into integer: 'float' to 'int' [-Wliteral-conversion]
+3.96934897e-03f,-8.57431907e-03f,+1.17801916e-04f,+0.00000000e+00f,-2.35763052e-03f,
                                                                     ^~~~~~~~~~~~~~~
vlsi_eval4.c:3842:2: warning: implicit conversion turns literal floating-point number into integer: 'float' to 'int' [-Wliteral-conversion]
-5.64247509e-03f,-3.55170947e-03f,-1.21942312e-02f,+8.36638082e-03f,+2.89002806e-03f,
 ^~~~~~~~~~~~~~~
vlsi_eval4.c:3842:19: warning: implicit conversion turns literal floating-point number into integer: 'float' to 'int' [-Wliteral-conversion]
-5.64247509e-03f,-3.55170947e-03f,-1.21942312e-02f,+8.36638082e-03f,+2.89002806e-03f,
                  ^~~~~~~~~~~~~~~
vlsi_eval4.c:3842:36: warning: implicit conversion turns literal floating-point number into integer: 'float' to 'int' [-Wliteral-conversion]
-5.64247509e-03f,-3.55170947e-03f,-1.21942312e-02f,+8.36638082e-03f,+2.89002806e-03f,
                                   ^~~~~~~~~~~~~~~
vlsi_eval4.c:3842:53: warning: implicit conversion turns literal floating-point number into integer: 'float' to 'int' [-Wliteral-conversion]
-5.64247509e-03f,-3.55170947e-03f,-1.21942312e-02f,+8.36638082e-03f,+2.89002806e-03f,
                                                    ^~~~~~~~~~~~~~~
vlsi_eval4.c:3842:70: warning: implicit conversion turns literal floating-point number into integer: 'float' to 'int' [-Wliteral-conversion]
-5.64247509e-03f,-3.55170947e-03f,-1.21942312e-02f,+8.36638082e-03f,+2.89002806e-03f,
                                                                     ^~~~~~~~~~~~~~~
vlsi_eval4.c:3843:2: warning: implicit conversion turns literal floating-point number into integer: 'float' to 'int' [-Wliteral-conversion]
+1.69447740e-03f,};
 ^~~~~~~~~~~~~~~
vlsi_eval4.c:3908:2: warning: implicit conversion turns literal floating-point number into integer: 'float' to 'int' [-Wliteral-conversion]
+7.74891749e-02f,+8.82375762e-02f,+2.97969822e-02f,-6.63630590e-02f,-6.88034445e-02f,
 ^~~~~~~~~~~~~~~
vlsi_eval4.c:3908:19: warning: implicit conversion turns literal floating-point number into integer: 'float' to 'int' [-Wliteral-conversion]
+7.74891749e-02f,+8.82375762e-02f,+2.97969822e-02f,-6.63630590e-02f,-6.88034445e-02f,
                  ^~~~~~~~~~~~~~~
vlsi_eval4.c:3908:36: warning: implicit conversion turns literal floating-point number into integer: 'float' to 'int' [-Wliteral-conversion]
+7.74891749e-02f,+8.82375762e-02f,+2.97969822e-02f,-6.63630590e-02f,-6.88034445e-02f,
                                   ^~~~~~~~~~~~~~~
vlsi_eval4.c:3908:53: warning: implicit conversion turns literal floating-point number into integer: 'float' to 'int' [-Wliteral-conversion]
+7.74891749e-02f,+8.82375762e-02f,+2.97969822e-02f,-6.63630590e-02f,-6.88034445e-02f,
                                                    ^~~~~~~~~~~~~~~
vlsi_eval4.c:3908:70: warning: implicit conversion turns literal floating-point number into integer: 'float' to 'int' [-Wliteral-conversion]
+7.74891749e-02f,+8.82375762e-02f,+2.97969822e-02f,-6.63630590e-02f,-6.88034445e-02f,
                                                                     ^~~~~~~~~~~~~~~
20 warnings generated.\n
==============================================================
File generated by Vivado(TM) HLS - High-Level Synthesis from C, C++ and SystemC
Version: 2018.2
Copyright (C) 1986-2018 Xilinx, Inc. All Rights Reserved.

==============================================================

==============================================================
File generated by Vivado(TM) HLS - High-Level Synthesis from C, C++ and SystemC
Version: 2018.2
Copyright (C) 1986-2018 Xilinx, Inc. All Rights Reserved.

==============================================================

==============================================================
File generated by Vivado(TM) HLS - High-Level Synthesis from C, C++ and SystemC
Version: 2018.2
Copyright (C) 1986-2018 Xilinx, Inc. All Rights Reserved.

==============================================================

==============================================================
File generated by Vivado(TM) HLS - High-Level Synthesis from C, C++ and SystemC
Version: 2018.2
Copyright (C) 1986-2018 Xilinx, Inc. All Rights Reserved.

==============================================================

INFO: [SYN 201-201] Setting up clock 'default' with a period of 10ns.
INFO: [HLS 200-10] Setting target device to 'xa7a12tcsg325-1q'
INFO: [SYN 201-201] Setting up clock 'default' with a period of 10ns.
INFO: [HLS 200-10] Analyzing design file 'vlsi_eval4.c' ... 
INFO: [HLS 200-111] Finished Linking Time (s): cpu = 00:00:04 ; elapsed = 00:00:05 . Memory (MB): peak = 350.988 ; gain = 0.000 ; free physical = 1210 ; free virtual = 10917
INFO: [HLS 200-111] Finished Checking Pragmas Time (s): cpu = 00:00:04 ; elapsed = 00:00:05 . Memory (MB): peak = 350.988 ; gain = 0.000 ; free physical = 1210 ; free virtual = 10917
INFO: [HLS 200-10] Starting code transformations ...
INFO: [HLS 200-111] Finished Standard Transforms Time (s): cpu = 00:00:10 ; elapsed = 00:00:11 . Memory (MB): peak = 476.988 ; gain = 126.000 ; free physical = 1119 ; free virtual = 10848
INFO: [HLS 200-10] Checking synthesizability ...
INFO: [XFORM 203-602] Inlining function 'k2c_bias_add' into 'k2c_conv2d' (vlsi_eval4.c:414) automatically.
INFO: [XFORM 203-602] Inlining function 'k2c_idx2sub' into 'k2c_dot' (vlsi_eval4.c:190) automatically.
INFO: [XFORM 203-602] Inlining function 'k2c_bias_add' into 'k2c_dense.1' (vlsi_eval4.c:298) automatically.
INFO: [XFORM 203-602] Inlining function 'k2c_idx2sub' into 'k2c_dot.1' (vlsi_eval4.c:190) automatically.
INFO: [XFORM 203-602] Inlining function 'k2c_bias_add' into 'k2c_dense' (vlsi_eval4.c:298) automatically.
INFO: [XFORM 203-602] Inlining function 'k2c_flatten' into 'navdepp' (vlsi_eval4.c:5048) automatically.
INFO: [HLS 200-111] Finished Checking Synthesizability Time (s): cpu = 00:00:31 ; elapsed = 00:00:32 . Memory (MB): peak = 1693.188 ; gain = 1342.199 ; free physical = 304 ; free virtual = 10035
INFO: [XFORM 203-502] Unrolling small iteration loop 'Loop-1.1' (vlsi_eval4.c:131) in function 'k2c_dot' automatically.
INFO: [XFORM 203-502] Unrolling small iteration loop 'Loop-2.1' (vlsi_eval4.c:144) in function 'k2c_dot' automatically.
INFO: [XFORM 203-502] Unrolling small iteration loop 'Loop-3' (vlsi_eval4.c:156) in function 'k2c_dot' automatically.
INFO: [XFORM 203-502] Unrolling small iteration loop 'Loop-4' (vlsi_eval4.c:159) in function 'k2c_dot' automatically.
INFO: [XFORM 203-502] Unrolling small iteration loop 'Loop-7' (vlsi_eval4.c:172) in function 'k2c_dot' automatically.
INFO: [XFORM 203-502] Unrolling small iteration loop 'Loop-1.1' (vlsi_eval4.c:131) in function 'k2c_dot.1' automatically.
INFO: [XFORM 203-502] Unrolling small iteration loop 'Loop-2.1' (vlsi_eval4.c:144) in function 'k2c_dot.1' automatically.
INFO: [XFORM 203-502] Unrolling small iteration loop 'Loop-3' (vlsi_eval4.c:156) in function 'k2c_dot.1' automatically.
INFO: [XFORM 203-502] Unrolling small iteration loop 'Loop-4' (vlsi_eval4.c:159) in function 'k2c_dot.1' automatically.
INFO: [XFORM 203-502] Unrolling small iteration loop 'Loop-7' (vlsi_eval4.c:172) in function 'k2c_dot.1' automatically.
INFO: [XFORM 203-501] Unrolling loop 'Loop-1' (vlsi_eval4.c:3715) in function 'navdepp' partially with a factor of 4.
INFO: [XFORM 203-501] Unrolling loop 'Loop-2' (vlsi_eval4.c:3738) in function 'navdepp' partially with a factor of 16.
INFO: [XFORM 203-501] Unrolling loop 'Loop-3' (vlsi_eval4.c:3845) in function 'navdepp' partially with a factor of 4.
INFO: [XFORM 203-501] Unrolling loop 'Loop-4' (vlsi_eval4.c:3870) in function 'navdepp' partially with a factor of 16.
INFO: [XFORM 203-501] Unrolling loop 'Loop-6' (vlsi_eval4.c:3913) in function 'navdepp' partially with a factor of 16.
INFO: [XFORM 203-501] Unrolling loop 'Loop-7' (vlsi_eval4.c:4855) in function 'navdepp' partially with a factor of 8.
INFO: [XFORM 203-501] Unrolling loop 'Loop-8' (vlsi_eval4.c:4877) in function 'navdepp' partially with a factor of 16.
INFO: [XFORM 203-501] Unrolling loop 'Loop-9' (vlsi_eval4.c:4896) in function 'navdepp' partially with a factor of 8.
INFO: [XFORM 203-501] Unrolling loop 'Loop-10' (vlsi_eval4.c:4914) in function 'navdepp' partially with a factor of 8.
INFO: [XFORM 203-501] Unrolling loop 'Loop-11' (vlsi_eval4.c:4933) in function 'navdepp' partially with a factor of 16.
INFO: [XFORM 203-501] Unrolling loop 'Loop-12' (vlsi_eval4.c:4961) in function 'navdepp' partially with a factor of 8.
INFO: [XFORM 203-501] Unrolling loop 'Loop-14' (vlsi_eval4.c:4991) in function 'navdepp' partially with a factor of 8.
INFO: [XFORM 203-501] Unrolling loop 'Loop-1.1' (vlsi_eval4.c:131) in function 'k2c_dot' completely.
INFO: [XFORM 203-501] Unrolling loop 'Loop-2.1' (vlsi_eval4.c:144) in function 'k2c_dot' completely.
INFO: [XFORM 203-501] Unrolling loop 'Loop-3' (vlsi_eval4.c:156) in function 'k2c_dot' completely.
INFO: [XFORM 203-501] Unrolling loop 'Loop-4' (vlsi_eval4.c:159) in function 'k2c_dot' completely.
INFO: [XFORM 203-501] Unrolling loop 'Loop-7' (vlsi_eval4.c:172) in function 'k2c_dot' completely.
INFO: [XFORM 203-501] Unrolling loop 'Loop-1.1' (vlsi_eval4.c:131) in function 'k2c_dot.1' completely.
INFO: [XFORM 203-501] Unrolling loop 'Loop-2.1' (vlsi_eval4.c:144) in function 'k2c_dot.1' completely.
INFO: [XFORM 203-501] Unrolling loop 'Loop-3' (vlsi_eval4.c:156) in function 'k2c_dot.1' completely.
INFO: [XFORM 203-501] Unrolling loop 'Loop-4' (vlsi_eval4.c:159) in function 'k2c_dot.1' completely.
INFO: [XFORM 203-501] Unrolling loop 'Loop-7' (vlsi_eval4.c:172) in function 'k2c_dot.1' completely.
INFO: [XFORM 203-102] Partitioning array 'conv2d_22_stride' (vlsi_eval4.c:3707) automatically.
INFO: [XFORM 203-102] Partitioning array 'conv2d_22_dilation' (vlsi_eval4.c:3708) automatically.
INFO: [XFORM 203-102] Partitioning array 'max_pooling2d_18_stride' (vlsi_eval4.c:3859) automatically.
INFO: [XFORM 203-102] Partitioning array 'max_pooling2d_18_pool_size' (vlsi_eval4.c:3860) automatically.
INFO: [XFORM 203-102] Partitioning array 'conv2d_23_stride' (vlsi_eval4.c:3885) automatically.
INFO: [XFORM 203-102] Partitioning array 'conv2d_23_dilation' (vlsi_eval4.c:3886) automatically.
INFO: [XFORM 203-102] Partitioning array 'max_pooling2d_19_stride' (vlsi_eval4.c:4869) automatically.
INFO: [XFORM 203-102] Partitioning array 'max_pooling2d_19_pool_size' (vlsi_eval4.c:4870) automatically.
INFO: [XFORM 203-102] Partitioning array 'axesA' automatically.
INFO: [XFORM 203-102] Partitioning array 'conv2d_22_output.shape' automatically.
INFO: [XFORM 203-102] Partitioning array 'conv2d_22_kernel.shape' automatically.
INFO: [XFORM 203-102] Partitioning array 'conv2d_23_output.shape' automatically.
INFO: [XFORM 203-102] Partitioning array 'conv2d_23_kernel.shape' automatically.
INFO: [XFORM 203-102] Automatically partitioning small array 'dense_23_bias_array' completely based on array size.
INFO: [XFORM 203-101] Partitioning array 'dense_23_bias_array' in dimension 1 completely.
INFO: [XFORM 203-602] Inlining function 'k2c_bias_add' into 'k2c_conv2d' (vlsi_eval4.c:414) automatically.
INFO: [XFORM 203-602] Inlining function 'k2c_flatten' into 'navdepp' (vlsi_eval4.c:5048) automatically.
INFO: [XFORM 203-602] Inlining function 'k2c_dense' into 'navdepp' (vlsi_eval4.c:5049) automatically.
INFO: [HLS 200-111] Finished Pre-synthesis Time (s): cpu = 00:00:52 ; elapsed = 00:00:53 . Memory (MB): peak = 1693.188 ; gain = 1342.199 ; free physical = 291 ; free virtual = 10033
WARNING: [XFORM 203-561] 'Loop-1' (vlsi_eval4.c:4933:25) in function 'navdepp' is an infinite loop.
INFO: [HLS 200-111] Finished Architecture Synthesis Time (s): cpu = 00:00:52 ; elapsed = 00:00:53 . Memory (MB): peak = 1693.188 ; gain = 1342.199 ; free physical = 291 ; free virtual = 10033
INFO: [HLS 200-10] Starting hardware synthesis ...
INFO: [HLS 200-10] Synthesizing 'navdepp' ...
INFO: [HLS 200-10] ----------------------------------------------------------------
INFO: [HLS 200-42] -- Implementing module 'navdepp' 
INFO: [HLS 200-10] ----------------------------------------------------------------
INFO: [SCHED 204-11] Starting scheduling ...
INFO: [SCHED 204-11] Finished scheduling.
INFO: [HLS 200-111]  Elapsed time: 53.01 seconds; current allocated memory: 86.403 MB.
INFO: [HLS 200-434] Only 0 loops out of a total 1 loops have been pipelined in this design.
INFO: [BIND 205-100] Starting micro-architecture generation ...
INFO: [BIND 205-101] Performing variable lifetime analysis.
INFO: [BIND 205-101] Exploring resource sharing.
INFO: [BIND 205-101] Binding ...
INFO: [BIND 205-100] Finished micro-architecture generation.
INFO: [HLS 200-111]  Elapsed time: 0.01 seconds; current allocated memory: 86.463 MB.
INFO: [HLS 200-10] ----------------------------------------------------------------
INFO: [HLS 200-10] -- Generating RTL for module 'navdepp' 
INFO: [HLS 200-10] ----------------------------------------------------------------
INFO: [RTGEN 206-500] Setting interface mode on port 'navdepp/conv2d_22_input_input_array' to 'ap_memory'.
INFO: [RTGEN 206-500] Setting interface mode on port 'navdepp/conv2d_22_input_input_ndim' to 'ap_none'.
INFO: [RTGEN 206-500] Setting interface mode on port 'navdepp/conv2d_22_input_input_numel' to 'ap_none'.
INFO: [RTGEN 206-500] Setting interface mode on port 'navdepp/conv2d_22_input_input_shape' to 'ap_memory'.
INFO: [RTGEN 206-500] Setting interface mode on port 'navdepp/dense_23_output_array' to 'ap_memory'.
INFO: [RTGEN 206-500] Setting interface mode on port 'navdepp/dense_23_output_ndim' to 'ap_none'.
INFO: [RTGEN 206-500] Setting interface mode on port 'navdepp/dense_23_output_numel' to 'ap_none'.
INFO: [RTGEN 206-500] Setting interface mode on port 'navdepp/dense_23_output_shape' to 'ap_memory'.
INFO: [RTGEN 206-500] Setting interface mode on function 'navdepp' to 'ap_ctrl_hs'.
WARNING: [RTGEN 206-101] Port 'navdepp/conv2d_22_input_input_array_address0' has no fanin or fanout and is left dangling.
               Please use C simulation to confirm this function argument can be read from or written to.
WARNING: [RTGEN 206-101] Setting dangling out port 'navdepp/conv2d_22_input_input_array_address0' to 0.
WARNING: [RTGEN 206-101] Port 'navdepp/conv2d_22_input_input_array_ce0' has no fanin or fanout and is left dangling.
               Please use C simulation to confirm this function argument can be read from or written to.
WARNING: [RTGEN 206-101] Setting dangling out port 'navdepp/conv2d_22_input_input_array_ce0' to 0.
WARNING: [RTGEN 206-101] Port 'navdepp/conv2d_22_input_input_array_we0' has no fanin or fanout and is left dangling.
               Please use C simulation to confirm this function argument can be read from or written to.
WARNING: [RTGEN 206-101] Setting dangling out port 'navdepp/conv2d_22_input_input_array_we0' to 0.
WARNING: [RTGEN 206-101] Port 'navdepp/conv2d_22_input_input_array_d0' has no fanin or fanout and is left dangling.
               Please use C simulation to confirm this function argument can be read from or written to.
WARNING: [RTGEN 206-101] Setting dangling out port 'navdepp/conv2d_22_input_input_array_d0' to 0.
WARNING: [RTGEN 206-101] Port 'navdepp/conv2d_22_input_input_array_q0' has no fanin or fanout and is left dangling.
               Please use C simulation to confirm this function argument can be read from or written to.
WARNING: [RTGEN 206-101] Port 'navdepp/conv2d_22_input_input_array_address1' has no fanin or fanout and is left dangling.
               Please use C simulation to confirm this function argument can be read from or written to.
WARNING: [RTGEN 206-101] Setting dangling out port 'navdepp/conv2d_22_input_input_array_address1' to 0.
WARNING: [RTGEN 206-101] Port 'navdepp/conv2d_22_input_input_array_ce1' has no fanin or fanout and is left dangling.
               Please use C simulation to confirm this function argument can be read from or written to.
WARNING: [RTGEN 206-101] Setting dangling out port 'navdepp/conv2d_22_input_input_array_ce1' to 0.
WARNING: [RTGEN 206-101] Port 'navdepp/conv2d_22_input_input_array_we1' has no fanin or fanout and is left dangling.
               Please use C simulation to confirm this function argument can be read from or written to.
WARNING: [RTGEN 206-101] Setting dangling out port 'navdepp/conv2d_22_input_input_array_we1' to 0.
WARNING: [RTGEN 206-101] Port 'navdepp/conv2d_22_input_input_array_d1' has no fanin or fanout and is left dangling.
               Please use C simulation to confirm this function argument can be read from or written to.
WARNING: [RTGEN 206-101] Setting dangling out port 'navdepp/conv2d_22_input_input_array_d1' to 0.
WARNING: [RTGEN 206-101] Port 'navdepp/conv2d_22_input_input_array_q1' has no fanin or fanout and is left dangling.
               Please use C simulation to confirm this function argument can be read from or written to.
WARNING: [RTGEN 206-101] Port 'navdepp/conv2d_22_input_input_ndim' has no fanin or fanout and is left dangling.
               Please use C simulation to confirm this function argument can be read from or written to.
WARNING: [RTGEN 206-101] Port 'navdepp/conv2d_22_input_input_numel' has no fanin or fanout and is left dangling.
               Please use C simulation to confirm this function argument can be read from or written to.
WARNING: [RTGEN 206-101] Port 'navdepp/conv2d_22_input_input_shape_address0' has no fanin or fanout and is left dangling.
               Please use C simulation to confirm this function argument can be read from or written to.
WARNING: [RTGEN 206-101] Setting dangling out port 'navdepp/conv2d_22_input_input_shape_address0' to 0.
WARNING: [RTGEN 206-101] Port 'navdepp/conv2d_22_input_input_shape_ce0' has no fanin or fanout and is left dangling.
               Please use C simulation to confirm this function argument can be read from or written to.
WARNING: [RTGEN 206-101] Setting dangling out port 'navdepp/conv2d_22_input_input_shape_ce0' to 0.
WARNING: [RTGEN 206-101] Port 'navdepp/conv2d_22_input_input_shape_we0' has no fanin or fanout and is left dangling.
               Please use C simulation to confirm this function argument can be read from or written to.
WARNING: [RTGEN 206-101] Setting dangling out port 'navdepp/conv2d_22_input_input_shape_we0' to 0.
WARNING: [RTGEN 206-101] Port 'navdepp/conv2d_22_input_input_shape_d0' has no fanin or fanout and is left dangling.
               Please use C simulation to confirm this function argument can be read from or written to.
WARNING: [RTGEN 206-101] Setting dangling out port 'navdepp/conv2d_22_input_input_shape_d0' to 0.
WARNING: [RTGEN 206-101] Port 'navdepp/conv2d_22_input_input_shape_q0' has no fanin or fanout and is left dangling.
               Please use C simulation to confirm this function argument can be read from or written to.
WARNING: [RTGEN 206-101] Port 'navdepp/conv2d_22_input_input_shape_address1' has no fanin or fanout and is left dangling.
               Please use C simulation to confirm this function argument can be read from or written to.
WARNING: [RTGEN 206-101] Setting dangling out port 'navdepp/conv2d_22_input_input_shape_address1' to 0.
WARNING: [RTGEN 206-101] Port 'navdepp/conv2d_22_input_input_shape_ce1' has no fanin or fanout and is left dangling.
               Please use C simulation to confirm this function argument can be read from or written to.
WARNING: [RTGEN 206-101] Setting dangling out port 'navdepp/conv2d_22_input_input_shape_ce1' to 0.
WARNING: [RTGEN 206-101] Port 'navdepp/conv2d_22_input_input_shape_we1' has no fanin or fanout and is left dangling.
               Please use C simulation to confirm this function argument can be read from or written to.
WARNING: [RTGEN 206-101] Setting dangling out port 'navdepp/conv2d_22_input_input_shape_we1' to 0.
WARNING: [RTGEN 206-101] Port 'navdepp/conv2d_22_input_input_shape_d1' has no fanin or fanout and is left dangling.
               Please use C simulation to confirm this function argument can be read from or written to.
WARNING: [RTGEN 206-101] Setting dangling out port 'navdepp/conv2d_22_input_input_shape_d1' to 0.
WARNING: [RTGEN 206-101] Port 'navdepp/conv2d_22_input_input_shape_q1' has no fanin or fanout and is left dangling.
               Please use C simulation to confirm this function argument can be read from or written to.
WARNING: [RTGEN 206-101] Port 'navdepp/dense_23_output_array_address0' has no fanin or fanout and is left dangling.
               Please use C simulation to confirm this function argument can be read from or written to.
WARNING: [RTGEN 206-101] Setting dangling out port 'navdepp/dense_23_output_array_address0' to 0.
==============================================================
File generated by Vivado(TM) HLS - High-Level Synthesis from C, C++ and SystemC
Version: 2018.2
Copyright (C) 1986-2018 Xilinx, Inc. All Rights Reserved.

==============================================================

